ARM GAS  C:\Users\floof\AppData\Local\Temp\ccT84kVO.s 			page 1


   1              		.syntax unified
   2              		.cpu cortex-m3
   3              		.fpu softvfp
   4              		.eabi_attribute 20, 1
   5              		.eabi_attribute 21, 1
   6              		.eabi_attribute 23, 3
   7              		.eabi_attribute 24, 1
   8              		.eabi_attribute 25, 1
   9              		.eabi_attribute 26, 1
  10              		.eabi_attribute 30, 1
  11              		.eabi_attribute 34, 1
  12              		.eabi_attribute 18, 4
  13              		.thumb
  14              		.file	"cymetadata.c"
  15              		.text
  16              	.Ltext0:
  17              		.cfi_sections	.debug_frame
  18              		.global	cy_metadata
  19              		.global	cy_meta_flashprotect
  20              		.global	cy_meta_wonvl
  21              		.global	cy_meta_custnvl
  22              		.global	cy_meta_configecc
  23              		.section	.cyconfigecc,"a",%progbits
  24              		.align	2
  25              		.type	cy_meta_configecc, %object
  26              		.size	cy_meta_configecc, 68
  27              	cy_meta_configecc:
  28 0000 02       		.byte	2
  29 0001 40       		.byte	64
  30 0002 01       		.byte	1
  31 0003 40       		.byte	64
  32 0004 01       		.byte	1
  33 0005 41       		.byte	65
  34 0006 01       		.byte	1
  35 0007 40       		.byte	64
  36 0008 01       		.byte	1
  37 0009 42       		.byte	66
  38 000a 01       		.byte	1
  39 000b 40       		.byte	64
  40 000c 01       		.byte	1
  41 000d 43       		.byte	67
  42 000e 01       		.byte	1
  43 000f 40       		.byte	64
  44 0010 03       		.byte	3
  45 0011 48       		.byte	72
  46 0012 01       		.byte	1
  47 0013 40       		.byte	64
  48 0014 01       		.byte	1
  49 0015 51       		.byte	81
  50 0016 01       		.byte	1
  51 0017 40       		.byte	64
  52 0018 32       		.byte	50
  53 0019 80       		.byte	-128
  54 001a CC       		.byte	-52
  55 001b 10       		.byte	16
  56 001c A6       		.byte	-90
  57 001d 80       		.byte	-128
ARM GAS  C:\Users\floof\AppData\Local\Temp\ccT84kVO.s 			page 2


  58 001e A6       		.byte	-90
  59 001f 80       		.byte	-128
  60 0020 A6       		.byte	-90
  61 0021 80       		.byte	-128
  62 0022 26       		.byte	38
  63 0023 80       		.byte	-128
  64 0024 A6       		.byte	-90
  65 0025 80       		.byte	-128
  66 0026 C8       		.byte	-56
  67 0027 20       		.byte	32
  68 0028 00       		.byte	0
  69 0029 03       		.byte	3
  70 002a 00       		.byte	0
  71 002b 00       		.byte	0
  72 002c 1F       		.byte	31
  73 002d 1F       		.byte	31
  74 002e 00       		.byte	0
  75 002f 00       		.byte	0
  76 0030 00       		.byte	0
  77 0031 00       		.byte	0
  78 0032 00       		.byte	0
  79 0033 00       		.byte	0
  80 0034 00       		.byte	0
  81 0035 00       		.byte	0
  82 0036 00       		.byte	0
  83 0037 00       		.byte	0
  84 0038 00       		.byte	0
  85 0039 00       		.byte	0
  86 003a 80       		.byte	-128
  87 003b 00       		.byte	0
  88 003c FF       		.byte	-1
  89 003d FF       		.byte	-1
  90 003e 00       		.byte	0
  91 003f 00       		.byte	0
  92 0040 00       		.byte	0
  93 0041 00       		.byte	0
  94 0042 00       		.byte	0
  95 0043 00       		.byte	0
  96              		.section	.cywolatch,"a",%progbits
  97              		.align	2
  98              		.type	cy_meta_wonvl, %object
  99              		.size	cy_meta_wonvl, 4
 100              	cy_meta_wonvl:
 101 0000 BC       		.byte	-68
 102 0001 90       		.byte	-112
 103 0002 AC       		.byte	-84
 104 0003 AF       		.byte	-81
 105              		.section	.cycustnvl,"a",%progbits
 106              		.align	2
 107              		.type	cy_meta_custnvl, %object
 108              		.size	cy_meta_custnvl, 4
 109              	cy_meta_custnvl:
 110 0000 00       		.byte	0
 111 0001 00       		.byte	0
 112 0002 40       		.byte	64
 113 0003 05       		.byte	5
 114              		.section	.cymeta,"a",%progbits
ARM GAS  C:\Users\floof\AppData\Local\Temp\ccT84kVO.s 			page 3


 115              		.align	2
 116              		.type	cy_metadata, %object
 117              		.size	cy_metadata, 12
 118              	cy_metadata:
 119 0000 00       		.byte	0
 120 0001 01       		.byte	1
 121 0002 2E       		.byte	46
 122 0003 16       		.byte	22
 123 0004 10       		.byte	16
 124 0005 69       		.byte	105
 125 0006 00       		.byte	0
 126 0007 01       		.byte	1
 127 0008 00       		.byte	0
 128 0009 00       		.byte	0
 129 000a 00       		.byte	0
 130 000b 00       		.byte	0
 131              		.section	.cyflashprotect,"a",%progbits
 132              		.align	2
 133              		.type	cy_meta_flashprotect, %object
 134              		.size	cy_meta_flashprotect, 256
 135              	cy_meta_flashprotect:
 136 0000 00000000 		.space	256
 136      00000000 
 136      00000000 
 136      00000000 
 136      00000000 
 137              		.text
 138              	.Letext0:
 139              		.file 1 ".\\Generated_Source\\PSoC5\\cymetadata.c"
 140              		.file 2 ".\\Generated_Source\\PSoC5\\cytypes.h"
 141              		.section	.debug_info,"",%progbits
 142              	.Ldebug_info0:
 143 0000 36010000 		.4byte	0x136
 144 0004 0400     		.2byte	0x4
 145 0006 00000000 		.4byte	.Ldebug_abbrev0
 146 000a 04       		.byte	0x4
 147 000b 01       		.uleb128 0x1
 148 000c D5000000 		.4byte	.LASF18
 149 0010 01       		.byte	0x1
 150 0011 41000000 		.4byte	.LASF19
 151 0015 00000000 		.4byte	.LASF20
 152 0019 00000000 		.4byte	.Ldebug_line0
 153 001d 02       		.uleb128 0x2
 154 001e 01       		.byte	0x1
 155 001f 06       		.byte	0x6
 156 0020 DF010000 		.4byte	.LASF0
 157 0024 02       		.uleb128 0x2
 158 0025 01       		.byte	0x1
 159 0026 08       		.byte	0x8
 160 0027 79000000 		.4byte	.LASF1
 161 002b 02       		.uleb128 0x2
 162 002c 02       		.byte	0x2
 163 002d 05       		.byte	0x5
 164 002e C6010000 		.4byte	.LASF2
 165 0032 02       		.uleb128 0x2
 166 0033 02       		.byte	0x2
 167 0034 07       		.byte	0x7
ARM GAS  C:\Users\floof\AppData\Local\Temp\ccT84kVO.s 			page 4


 168 0035 99000000 		.4byte	.LASF3
 169 0039 02       		.uleb128 0x2
 170 003a 04       		.byte	0x4
 171 003b 05       		.byte	0x5
 172 003c D6010000 		.4byte	.LASF4
 173 0040 02       		.uleb128 0x2
 174 0041 04       		.byte	0x4
 175 0042 07       		.byte	0x7
 176 0043 87000000 		.4byte	.LASF5
 177 0047 02       		.uleb128 0x2
 178 0048 08       		.byte	0x8
 179 0049 05       		.byte	0x5
 180 004a B3010000 		.4byte	.LASF6
 181 004e 02       		.uleb128 0x2
 182 004f 08       		.byte	0x8
 183 0050 07       		.byte	0x7
 184 0051 70010000 		.4byte	.LASF7
 185 0055 03       		.uleb128 0x3
 186 0056 04       		.byte	0x4
 187 0057 05       		.byte	0x5
 188 0058 696E7400 		.ascii	"int\000"
 189 005c 02       		.uleb128 0x2
 190 005d 04       		.byte	0x4
 191 005e 07       		.byte	0x7
 192 005f 63010000 		.4byte	.LASF8
 193 0063 04       		.uleb128 0x4
 194 0064 D0010000 		.4byte	.LASF21
 195 0068 02       		.byte	0x2
 196 0069 9201     		.2byte	0x192
 197 006b 24000000 		.4byte	0x24
 198 006f 02       		.uleb128 0x2
 199 0070 04       		.byte	0x4
 200 0071 04       		.byte	0x4
 201 0072 73000000 		.4byte	.LASF9
 202 0076 02       		.uleb128 0x2
 203 0077 08       		.byte	0x8
 204 0078 04       		.byte	0x4
 205 0079 AC000000 		.4byte	.LASF10
 206 007d 02       		.uleb128 0x2
 207 007e 01       		.byte	0x1
 208 007f 08       		.byte	0x8
 209 0080 C1010000 		.4byte	.LASF11
 210 0084 05       		.uleb128 0x5
 211 0085 63000000 		.4byte	0x63
 212 0089 94000000 		.4byte	0x94
 213 008d 06       		.uleb128 0x6
 214 008e 94000000 		.4byte	0x94
 215 0092 43       		.byte	0x43
 216 0093 00       		.byte	0
 217 0094 02       		.uleb128 0x2
 218 0095 04       		.byte	0x4
 219 0096 07       		.byte	0x7
 220 0097 AA010000 		.4byte	.LASF12
 221 009b 07       		.uleb128 0x7
 222 009c C3000000 		.4byte	.LASF13
 223 00a0 01       		.byte	0x1
 224 00a1 1F       		.byte	0x1f
ARM GAS  C:\Users\floof\AppData\Local\Temp\ccT84kVO.s 			page 5


 225 00a2 AC000000 		.4byte	0xac
 226 00a6 05       		.uleb128 0x5
 227 00a7 03       		.byte	0x3
 228 00a8 00000000 		.4byte	cy_meta_configecc
 229 00ac 08       		.uleb128 0x8
 230 00ad 84000000 		.4byte	0x84
 231 00b1 05       		.uleb128 0x5
 232 00b2 63000000 		.4byte	0x63
 233 00b6 C1000000 		.4byte	0xc1
 234 00ba 06       		.uleb128 0x6
 235 00bb 94000000 		.4byte	0x94
 236 00bf 03       		.byte	0x3
 237 00c0 00       		.byte	0
 238 00c1 07       		.uleb128 0x7
 239 00c2 B3000000 		.4byte	.LASF14
 240 00c6 01       		.byte	0x1
 241 00c7 35       		.byte	0x35
 242 00c8 D2000000 		.4byte	0xd2
 243 00cc 05       		.uleb128 0x5
 244 00cd 03       		.byte	0x3
 245 00ce 00000000 		.4byte	cy_meta_custnvl
 246 00d2 08       		.uleb128 0x8
 247 00d3 B1000000 		.4byte	0xb1
 248 00d7 07       		.uleb128 0x7
 249 00d8 9C010000 		.4byte	.LASF15
 250 00dc 01       		.byte	0x1
 251 00dd 43       		.byte	0x43
 252 00de E8000000 		.4byte	0xe8
 253 00e2 05       		.uleb128 0x5
 254 00e3 03       		.byte	0x3
 255 00e4 00000000 		.4byte	cy_meta_wonvl
 256 00e8 08       		.uleb128 0x8
 257 00e9 B1000000 		.4byte	0xb1
 258 00ed 05       		.uleb128 0x5
 259 00ee 63000000 		.4byte	0x63
 260 00f2 FD000000 		.4byte	0xfd
 261 00f6 06       		.uleb128 0x6
 262 00f7 94000000 		.4byte	0x94
 263 00fb FF       		.byte	0xff
 264 00fc 00       		.byte	0
 265 00fd 07       		.uleb128 0x7
 266 00fe 87010000 		.4byte	.LASF16
 267 0102 01       		.byte	0x1
 268 0103 51       		.byte	0x51
 269 0104 0E010000 		.4byte	0x10e
 270 0108 05       		.uleb128 0x5
 271 0109 03       		.byte	0x3
 272 010a 00000000 		.4byte	cy_meta_flashprotect
 273 010e 08       		.uleb128 0x8
 274 010f ED000000 		.4byte	0xed
 275 0113 05       		.uleb128 0x5
 276 0114 63000000 		.4byte	0x63
 277 0118 23010000 		.4byte	0x123
 278 011c 06       		.uleb128 0x6
 279 011d 94000000 		.4byte	0x94
 280 0121 0B       		.byte	0xb
 281 0122 00       		.byte	0
ARM GAS  C:\Users\floof\AppData\Local\Temp\ccT84kVO.s 			page 6


 282 0123 07       		.uleb128 0x7
 283 0124 67000000 		.4byte	.LASF17
 284 0128 01       		.byte	0x1
 285 0129 7E       		.byte	0x7e
 286 012a 34010000 		.4byte	0x134
 287 012e 05       		.uleb128 0x5
 288 012f 03       		.byte	0x3
 289 0130 00000000 		.4byte	cy_metadata
 290 0134 08       		.uleb128 0x8
 291 0135 13010000 		.4byte	0x113
 292 0139 00       		.byte	0
 293              		.section	.debug_abbrev,"",%progbits
 294              	.Ldebug_abbrev0:
 295 0000 01       		.uleb128 0x1
 296 0001 11       		.uleb128 0x11
 297 0002 01       		.byte	0x1
 298 0003 25       		.uleb128 0x25
 299 0004 0E       		.uleb128 0xe
 300 0005 13       		.uleb128 0x13
 301 0006 0B       		.uleb128 0xb
 302 0007 03       		.uleb128 0x3
 303 0008 0E       		.uleb128 0xe
 304 0009 1B       		.uleb128 0x1b
 305 000a 0E       		.uleb128 0xe
 306 000b 10       		.uleb128 0x10
 307 000c 17       		.uleb128 0x17
 308 000d 00       		.byte	0
 309 000e 00       		.byte	0
 310 000f 02       		.uleb128 0x2
 311 0010 24       		.uleb128 0x24
 312 0011 00       		.byte	0
 313 0012 0B       		.uleb128 0xb
 314 0013 0B       		.uleb128 0xb
 315 0014 3E       		.uleb128 0x3e
 316 0015 0B       		.uleb128 0xb
 317 0016 03       		.uleb128 0x3
 318 0017 0E       		.uleb128 0xe
 319 0018 00       		.byte	0
 320 0019 00       		.byte	0
 321 001a 03       		.uleb128 0x3
 322 001b 24       		.uleb128 0x24
 323 001c 00       		.byte	0
 324 001d 0B       		.uleb128 0xb
 325 001e 0B       		.uleb128 0xb
 326 001f 3E       		.uleb128 0x3e
 327 0020 0B       		.uleb128 0xb
 328 0021 03       		.uleb128 0x3
 329 0022 08       		.uleb128 0x8
 330 0023 00       		.byte	0
 331 0024 00       		.byte	0
 332 0025 04       		.uleb128 0x4
 333 0026 16       		.uleb128 0x16
 334 0027 00       		.byte	0
 335 0028 03       		.uleb128 0x3
 336 0029 0E       		.uleb128 0xe
 337 002a 3A       		.uleb128 0x3a
 338 002b 0B       		.uleb128 0xb
ARM GAS  C:\Users\floof\AppData\Local\Temp\ccT84kVO.s 			page 7


 339 002c 3B       		.uleb128 0x3b
 340 002d 05       		.uleb128 0x5
 341 002e 49       		.uleb128 0x49
 342 002f 13       		.uleb128 0x13
 343 0030 00       		.byte	0
 344 0031 00       		.byte	0
 345 0032 05       		.uleb128 0x5
 346 0033 01       		.uleb128 0x1
 347 0034 01       		.byte	0x1
 348 0035 49       		.uleb128 0x49
 349 0036 13       		.uleb128 0x13
 350 0037 01       		.uleb128 0x1
 351 0038 13       		.uleb128 0x13
 352 0039 00       		.byte	0
 353 003a 00       		.byte	0
 354 003b 06       		.uleb128 0x6
 355 003c 21       		.uleb128 0x21
 356 003d 00       		.byte	0
 357 003e 49       		.uleb128 0x49
 358 003f 13       		.uleb128 0x13
 359 0040 2F       		.uleb128 0x2f
 360 0041 0B       		.uleb128 0xb
 361 0042 00       		.byte	0
 362 0043 00       		.byte	0
 363 0044 07       		.uleb128 0x7
 364 0045 34       		.uleb128 0x34
 365 0046 00       		.byte	0
 366 0047 03       		.uleb128 0x3
 367 0048 0E       		.uleb128 0xe
 368 0049 3A       		.uleb128 0x3a
 369 004a 0B       		.uleb128 0xb
 370 004b 3B       		.uleb128 0x3b
 371 004c 0B       		.uleb128 0xb
 372 004d 49       		.uleb128 0x49
 373 004e 13       		.uleb128 0x13
 374 004f 3F       		.uleb128 0x3f
 375 0050 19       		.uleb128 0x19
 376 0051 02       		.uleb128 0x2
 377 0052 18       		.uleb128 0x18
 378 0053 00       		.byte	0
 379 0054 00       		.byte	0
 380 0055 08       		.uleb128 0x8
 381 0056 26       		.uleb128 0x26
 382 0057 00       		.byte	0
 383 0058 49       		.uleb128 0x49
 384 0059 13       		.uleb128 0x13
 385 005a 00       		.byte	0
 386 005b 00       		.byte	0
 387 005c 00       		.byte	0
 388              		.section	.debug_aranges,"",%progbits
 389 0000 14000000 		.4byte	0x14
 390 0004 0200     		.2byte	0x2
 391 0006 00000000 		.4byte	.Ldebug_info0
 392 000a 04       		.byte	0x4
 393 000b 00       		.byte	0
 394 000c 0000     		.2byte	0
 395 000e 0000     		.2byte	0
ARM GAS  C:\Users\floof\AppData\Local\Temp\ccT84kVO.s 			page 8


 396 0010 00000000 		.4byte	0
 397 0014 00000000 		.4byte	0
 398              		.section	.debug_line,"",%progbits
 399              	.Ldebug_line0:
 400 0000 4F000000 		.section	.debug_str,"MS",%progbits,1
 400      02004900 
 400      00000201 
 400      FB0E0D00 
 400      01010101 
 401              	.LASF20:
 402 0000 433A5C55 		.ascii	"C:\\Users\\floof\\Documents\\PSoC Creator\\electron"
 402      73657273 
 402      5C666C6F 
 402      6F665C44 
 402      6F63756D 
 403 002e 6963735C 		.ascii	"ics\\Design01.cydsn\000"
 403      44657369 
 403      676E3031 
 403      2E637964 
 403      736E00
 404              	.LASF19:
 405 0041 2E5C4765 		.ascii	".\\Generated_Source\\PSoC5\\cymetadata.c\000"
 405      6E657261 
 405      7465645F 
 405      536F7572 
 405      63655C50 
 406              	.LASF17:
 407 0067 63795F6D 		.ascii	"cy_metadata\000"
 407      65746164 
 407      61746100 
 408              	.LASF9:
 409 0073 666C6F61 		.ascii	"float\000"
 409      7400
 410              	.LASF1:
 411 0079 756E7369 		.ascii	"unsigned char\000"
 411      676E6564 
 411      20636861 
 411      7200
 412              	.LASF5:
 413 0087 6C6F6E67 		.ascii	"long unsigned int\000"
 413      20756E73 
 413      69676E65 
 413      6420696E 
 413      7400
 414              	.LASF3:
 415 0099 73686F72 		.ascii	"short unsigned int\000"
 415      7420756E 
 415      7369676E 
 415      65642069 
 415      6E7400
 416              	.LASF10:
 417 00ac 646F7562 		.ascii	"double\000"
 417      6C6500
 418              	.LASF14:
 419 00b3 63795F6D 		.ascii	"cy_meta_custnvl\000"
 419      6574615F 
 419      63757374 
ARM GAS  C:\Users\floof\AppData\Local\Temp\ccT84kVO.s 			page 9


 419      6E766C00 
 420              	.LASF13:
 421 00c3 63795F6D 		.ascii	"cy_meta_configecc\000"
 421      6574615F 
 421      636F6E66 
 421      69676563 
 421      6300
 422              	.LASF18:
 423 00d5 474E5520 		.ascii	"GNU C 4.9.3 20150303 (release) [ARM/embedded-4_9-br"
 423      4320342E 
 423      392E3320 
 423      32303135 
 423      30333033 
 424 0108 616E6368 		.ascii	"anch revision 221220] -mcpu=cortex-m3 -mthumb -g -O"
 424      20726576 
 424      6973696F 
 424      6E203232 
 424      31323230 
 425 013b 67202D66 		.ascii	"g -ffunction-sections -ffat-lto-objects\000"
 425      66756E63 
 425      74696F6E 
 425      2D736563 
 425      74696F6E 
 426              	.LASF8:
 427 0163 756E7369 		.ascii	"unsigned int\000"
 427      676E6564 
 427      20696E74 
 427      00
 428              	.LASF7:
 429 0170 6C6F6E67 		.ascii	"long long unsigned int\000"
 429      206C6F6E 
 429      6720756E 
 429      7369676E 
 429      65642069 
 430              	.LASF16:
 431 0187 63795F6D 		.ascii	"cy_meta_flashprotect\000"
 431      6574615F 
 431      666C6173 
 431      6870726F 
 431      74656374 
 432              	.LASF15:
 433 019c 63795F6D 		.ascii	"cy_meta_wonvl\000"
 433      6574615F 
 433      776F6E76 
 433      6C00
 434              	.LASF12:
 435 01aa 73697A65 		.ascii	"sizetype\000"
 435      74797065 
 435      00
 436              	.LASF6:
 437 01b3 6C6F6E67 		.ascii	"long long int\000"
 437      206C6F6E 
 437      6720696E 
 437      7400
 438              	.LASF11:
 439 01c1 63686172 		.ascii	"char\000"
 439      00
ARM GAS  C:\Users\floof\AppData\Local\Temp\ccT84kVO.s 			page 10


 440              	.LASF2:
 441 01c6 73686F72 		.ascii	"short int\000"
 441      7420696E 
 441      7400
 442              	.LASF21:
 443 01d0 75696E74 		.ascii	"uint8\000"
 443      3800
 444              	.LASF4:
 445 01d6 6C6F6E67 		.ascii	"long int\000"
 445      20696E74 
 445      00
 446              	.LASF0:
 447 01df 7369676E 		.ascii	"signed char\000"
 447      65642063 
 447      68617200 
 448              		.ident	"GCC: (GNU Tools for ARM Embedded Processors) 4.9.3 20150303 (release) [ARM/embedded-4_9-br
