ARM GAS  C:\Users\floof\AppData\Local\Temp\ccjhebsl.s 			page 1


   1              		.syntax unified
   2              		.cpu cortex-m3
   3              		.fpu softvfp
   4              		.eabi_attribute 20, 1
   5              		.eabi_attribute 21, 1
   6              		.eabi_attribute 23, 3
   7              		.eabi_attribute 24, 1
   8              		.eabi_attribute 25, 1
   9              		.eabi_attribute 26, 1
  10              		.eabi_attribute 30, 1
  11              		.eabi_attribute 34, 1
  12              		.eabi_attribute 18, 4
  13              		.thumb
  14              		.file	"main.c"
  15              		.text
  16              	.Ltext0:
  17              		.cfi_sections	.debug_frame
  18              		.global	__aeabi_f2d
  19              		.global	__aeabi_dmul
  20              		.global	__aeabi_dadd
  21              		.global	__aeabi_d2f
  22              		.global	__aeabi_dcmpgt
  23              		.global	__aeabi_dsub
  24              		.global	__aeabi_fmul
  25              		.global	__aeabi_fadd
  26              		.global	__aeabi_f2uiz
  27              		.section	.text.DacSet,"ax",%progbits
  28              		.align	2
  29              		.global	DacSet
  30              		.thumb
  31              		.thumb_func
  32              		.type	DacSet, %function
  33              	DacSet:
  34              	.LFB64:
  35              		.file 1 ".\\main.c"
   1:.\main.c      **** /* ========================================
   2:.\main.c      ****  *
   3:.\main.c      ****  * Copyright YOUR COMPANY, THE YEAR
   4:.\main.c      ****  * All Rights Reserved
   5:.\main.c      ****  * UNPUBLISHED, LICENSED SOFTWARE.
   6:.\main.c      ****  *
   7:.\main.c      ****  * CONFIDENTIAL AND PROPRIETARY INFORMATION
   8:.\main.c      ****  * WHICH IS THE PROPERTY OF your company.
   9:.\main.c      ****  *
  10:.\main.c      ****  * ========================================
  11:.\main.c      **** */
  12:.\main.c      **** #include <project.h>
  13:.\main.c      **** #include <math.h>
  14:.\main.c      **** 
  15:.\main.c      **** CY_ISR_PROTO(DacSet);
  16:.\main.c      **** 
  17:.\main.c      **** float theta = 0;
  18:.\main.c      **** uint8_t DacCode = 0;
  19:.\main.c      **** uint8_t EnableOutput = 0;
  20:.\main.c      **** uint8_t UpDown = 0;
  21:.\main.c      **** 
  22:.\main.c      **** int main()
ARM GAS  C:\Users\floof\AppData\Local\Temp\ccjhebsl.s 			page 2


  23:.\main.c      **** {
  24:.\main.c      ****    
  25:.\main.c      ****     /* Place your initialization/startup code here (e.g. MyInst_Start()) */
  26:.\main.c      ****     VDAC8_1_Start();
  27:.\main.c      ****     isr_1_StartEx(DacSet);
  28:.\main.c      ****     
  29:.\main.c      ****     /*isr_1_SetPriority(DEFAULT_PRIORITY);
  30:.\main.c      ****     CyIntSetVector(NESTED_ISR,NestedIsrHandler);
  31:.\main.c      ****     CyIntSetPriority(NESTED_ISR,HIGHER_PRIORITY);
  32:.\main.c      ****     CyIntEnable(NESTED_ISR);*/
  33:.\main.c      ****     
  34:.\main.c      ****     CyGlobalIntEnable; /* Enable global interrupts. */
  35:.\main.c      ****     
  36:.\main.c      ****     for(;;)
  37:.\main.c      ****     {
  38:.\main.c      ****         /* Place your application code here. */
  39:.\main.c      ****         EnableOutput = 1;
  40:.\main.c      ****         /*if (Pin_2_Read() == 1)
  41:.\main.c      ****         {
  42:.\main.c      ****             EnableOutput = 1;
  43:.\main.c      ****             tone = 5000;
  44:.\main.c      ****         } else if (Pin_3_Read() == 1)
  45:.\main.c      ****         {
  46:.\main.c      ****           //blah   
  47:.\main.c      ****         } else
  48:.\main.c      ****         {
  49:.\main.c      ****             EnableOutput = 1;//fixme;   
  50:.\main.c      ****         }*/
  51:.\main.c      ****     }
  52:.\main.c      **** }
  53:.\main.c      **** 
  54:.\main.c      **** float frequencies[] = {262.0, 278.1, 292.8, 314.13, 327.5, 344.3, 372.3, 392.0, 416.4, 437.7, 467.4
  55:.\main.c      **** 
  56:.\main.c      **** void DacSet() // runs at 50 kHz
  57:.\main.c      **** {
  36              		.loc 1 57 0
  37              		.cfi_startproc
  38              		@ args = 0, pretend = 0, frame = 0
  39              		@ frame_needed = 0, uses_anonymous_args = 0
  40 0000 F8B5     		push	{r3, r4, r5, r6, r7, lr}
  41              		.cfi_def_cfa_offset 24
  42              		.cfi_offset 3, -24
  43              		.cfi_offset 4, -20
  44              		.cfi_offset 5, -16
  45              		.cfi_offset 6, -12
  46              		.cfi_offset 7, -8
  47              		.cfi_offset 14, -4
  58:.\main.c      ****     //CyDelayUs(10);
  59:.\main.c      ****     if (EnableOutput)
  48              		.loc 1 59 0
  49 0002 B14B     		ldr	r3, .L20+16
  50 0004 1B78     		ldrb	r3, [r3]	@ zero_extendqisi2
  51 0006 002B     		cmp	r3, #0
  52 0008 00F0C681 		beq	.L1
  60:.\main.c      ****     {
  61:.\main.c      ****         if (C_Read() > 0) {
  53              		.loc 1 61 0
ARM GAS  C:\Users\floof\AppData\Local\Temp\ccjhebsl.s 			page 3


  54 000c FFF7FEFF 		bl	C_Read
  55              	.LVL0:
  56 0010 D8B1     		cbz	r0, .L3
  62:.\main.c      ****             theta += 2 * 3.14159 * frequencies[0] * (1/16000.0);
  57              		.loc 1 62 0
  58 0012 AE4B     		ldr	r3, .L20+20
  59 0014 1868     		ldr	r0, [r3]	@ float
  60 0016 FFF7FEFF 		bl	__aeabi_f2d
  61              	.LVL1:
  62 001a A7A3     		adr	r3, .L20
  63 001c D3E90023 		ldrd	r2, [r3]
  64 0020 FFF7FEFF 		bl	__aeabi_dmul
  65              	.LVL2:
  66 0024 A6A3     		adr	r3, .L20+8
  67 0026 D3E90023 		ldrd	r2, [r3]
  68 002a FFF7FEFF 		bl	__aeabi_dmul
  69              	.LVL3:
  70 002e 0646     		mov	r6, r0
  71 0030 0F46     		mov	r7, r1
  72 0032 A54C     		ldr	r4, .L20+16
  73 0034 6068     		ldr	r0, [r4, #4]	@ float
  74 0036 FFF7FEFF 		bl	__aeabi_f2d
  75              	.LVL4:
  76 003a 3246     		mov	r2, r6
  77 003c 3B46     		mov	r3, r7
  78 003e FFF7FEFF 		bl	__aeabi_dadd
  79              	.LVL5:
  80 0042 FFF7FEFF 		bl	__aeabi_d2f
  81              	.LVL6:
  82 0046 6060     		str	r0, [r4, #4]	@ float
  83 0048 7FE1     		b	.L4
  84              	.L3:
  63:.\main.c      ****         }
  64:.\main.c      ****         else if (CS_Read() > 0) {
  85              		.loc 1 64 0
  86 004a FFF7FEFF 		bl	CS_Read
  87              	.LVL7:
  88 004e D8B1     		cbz	r0, .L5
  65:.\main.c      ****             theta += 2 * 3.14159 * frequencies[1] * (1/16000.0);
  89              		.loc 1 65 0
  90 0050 9E4B     		ldr	r3, .L20+20
  91 0052 5868     		ldr	r0, [r3, #4]	@ float
  92 0054 FFF7FEFF 		bl	__aeabi_f2d
  93              	.LVL8:
  94 0058 97A3     		adr	r3, .L20
  95 005a D3E90023 		ldrd	r2, [r3]
  96 005e FFF7FEFF 		bl	__aeabi_dmul
  97              	.LVL9:
  98 0062 97A3     		adr	r3, .L20+8
  99 0064 D3E90023 		ldrd	r2, [r3]
 100 0068 FFF7FEFF 		bl	__aeabi_dmul
 101              	.LVL10:
 102 006c 0646     		mov	r6, r0
 103 006e 0F46     		mov	r7, r1
 104 0070 954C     		ldr	r4, .L20+16
 105 0072 6068     		ldr	r0, [r4, #4]	@ float
 106 0074 FFF7FEFF 		bl	__aeabi_f2d
ARM GAS  C:\Users\floof\AppData\Local\Temp\ccjhebsl.s 			page 4


 107              	.LVL11:
 108 0078 3246     		mov	r2, r6
 109 007a 3B46     		mov	r3, r7
 110 007c FFF7FEFF 		bl	__aeabi_dadd
 111              	.LVL12:
 112 0080 FFF7FEFF 		bl	__aeabi_d2f
 113              	.LVL13:
 114 0084 6060     		str	r0, [r4, #4]	@ float
 115 0086 60E1     		b	.L4
 116              	.L5:
  66:.\main.c      ****         }
  67:.\main.c      ****         else if (D_Read() > 0) {
 117              		.loc 1 67 0
 118 0088 FFF7FEFF 		bl	D_Read
 119              	.LVL14:
 120 008c D8B1     		cbz	r0, .L6
  68:.\main.c      ****             theta += 2 * 3.14159 * frequencies[2] * (1/16000.0);
 121              		.loc 1 68 0
 122 008e 8F4B     		ldr	r3, .L20+20
 123 0090 9868     		ldr	r0, [r3, #8]	@ float
 124 0092 FFF7FEFF 		bl	__aeabi_f2d
 125              	.LVL15:
 126 0096 88A3     		adr	r3, .L20
 127 0098 D3E90023 		ldrd	r2, [r3]
 128 009c FFF7FEFF 		bl	__aeabi_dmul
 129              	.LVL16:
 130 00a0 87A3     		adr	r3, .L20+8
 131 00a2 D3E90023 		ldrd	r2, [r3]
 132 00a6 FFF7FEFF 		bl	__aeabi_dmul
 133              	.LVL17:
 134 00aa 0646     		mov	r6, r0
 135 00ac 0F46     		mov	r7, r1
 136 00ae 864C     		ldr	r4, .L20+16
 137 00b0 6068     		ldr	r0, [r4, #4]	@ float
 138 00b2 FFF7FEFF 		bl	__aeabi_f2d
 139              	.LVL18:
 140 00b6 3246     		mov	r2, r6
 141 00b8 3B46     		mov	r3, r7
 142 00ba FFF7FEFF 		bl	__aeabi_dadd
 143              	.LVL19:
 144 00be FFF7FEFF 		bl	__aeabi_d2f
 145              	.LVL20:
 146 00c2 6060     		str	r0, [r4, #4]	@ float
 147 00c4 41E1     		b	.L4
 148              	.L6:
  69:.\main.c      ****         }
  70:.\main.c      ****         else if (DS_Read() > 0) {
 149              		.loc 1 70 0
 150 00c6 FFF7FEFF 		bl	DS_Read
 151              	.LVL21:
 152 00ca D8B1     		cbz	r0, .L7
  71:.\main.c      ****             theta += 2 * 3.14159 * frequencies[3] * (1/16000.0);
 153              		.loc 1 71 0
 154 00cc 7F4B     		ldr	r3, .L20+20
 155 00ce D868     		ldr	r0, [r3, #12]	@ float
 156 00d0 FFF7FEFF 		bl	__aeabi_f2d
 157              	.LVL22:
ARM GAS  C:\Users\floof\AppData\Local\Temp\ccjhebsl.s 			page 5


 158 00d4 78A3     		adr	r3, .L20
 159 00d6 D3E90023 		ldrd	r2, [r3]
 160 00da FFF7FEFF 		bl	__aeabi_dmul
 161              	.LVL23:
 162 00de 78A3     		adr	r3, .L20+8
 163 00e0 D3E90023 		ldrd	r2, [r3]
 164 00e4 FFF7FEFF 		bl	__aeabi_dmul
 165              	.LVL24:
 166 00e8 0646     		mov	r6, r0
 167 00ea 0F46     		mov	r7, r1
 168 00ec 764C     		ldr	r4, .L20+16
 169 00ee 6068     		ldr	r0, [r4, #4]	@ float
 170 00f0 FFF7FEFF 		bl	__aeabi_f2d
 171              	.LVL25:
 172 00f4 3246     		mov	r2, r6
 173 00f6 3B46     		mov	r3, r7
 174 00f8 FFF7FEFF 		bl	__aeabi_dadd
 175              	.LVL26:
 176 00fc FFF7FEFF 		bl	__aeabi_d2f
 177              	.LVL27:
 178 0100 6060     		str	r0, [r4, #4]	@ float
 179 0102 22E1     		b	.L4
 180              	.L7:
  72:.\main.c      ****         }
  73:.\main.c      ****         else if (E_Read() > 0) {
 181              		.loc 1 73 0
 182 0104 FFF7FEFF 		bl	E_Read
 183              	.LVL28:
 184 0108 D8B1     		cbz	r0, .L8
  74:.\main.c      ****             theta += 2 * 3.14159 * frequencies[4] * (1/16000.0);
 185              		.loc 1 74 0
 186 010a 704B     		ldr	r3, .L20+20
 187 010c 1869     		ldr	r0, [r3, #16]	@ float
 188 010e FFF7FEFF 		bl	__aeabi_f2d
 189              	.LVL29:
 190 0112 69A3     		adr	r3, .L20
 191 0114 D3E90023 		ldrd	r2, [r3]
 192 0118 FFF7FEFF 		bl	__aeabi_dmul
 193              	.LVL30:
 194 011c 68A3     		adr	r3, .L20+8
 195 011e D3E90023 		ldrd	r2, [r3]
 196 0122 FFF7FEFF 		bl	__aeabi_dmul
 197              	.LVL31:
 198 0126 0646     		mov	r6, r0
 199 0128 0F46     		mov	r7, r1
 200 012a 674C     		ldr	r4, .L20+16
 201 012c 6068     		ldr	r0, [r4, #4]	@ float
 202 012e FFF7FEFF 		bl	__aeabi_f2d
 203              	.LVL32:
 204 0132 3246     		mov	r2, r6
 205 0134 3B46     		mov	r3, r7
 206 0136 FFF7FEFF 		bl	__aeabi_dadd
 207              	.LVL33:
 208 013a FFF7FEFF 		bl	__aeabi_d2f
 209              	.LVL34:
 210 013e 6060     		str	r0, [r4, #4]	@ float
 211 0140 03E1     		b	.L4
ARM GAS  C:\Users\floof\AppData\Local\Temp\ccjhebsl.s 			page 6


 212              	.L8:
  75:.\main.c      ****         }
  76:.\main.c      ****         else if (F_Read() > 0) {
 213              		.loc 1 76 0
 214 0142 FFF7FEFF 		bl	F_Read
 215              	.LVL35:
 216 0146 D8B1     		cbz	r0, .L9
  77:.\main.c      ****             theta += 2 * 3.14159 * frequencies[5] * (1/16000.0);
 217              		.loc 1 77 0
 218 0148 604B     		ldr	r3, .L20+20
 219 014a 5869     		ldr	r0, [r3, #20]	@ float
 220 014c FFF7FEFF 		bl	__aeabi_f2d
 221              	.LVL36:
 222 0150 59A3     		adr	r3, .L20
 223 0152 D3E90023 		ldrd	r2, [r3]
 224 0156 FFF7FEFF 		bl	__aeabi_dmul
 225              	.LVL37:
 226 015a 59A3     		adr	r3, .L20+8
 227 015c D3E90023 		ldrd	r2, [r3]
 228 0160 FFF7FEFF 		bl	__aeabi_dmul
 229              	.LVL38:
 230 0164 0646     		mov	r6, r0
 231 0166 0F46     		mov	r7, r1
 232 0168 574C     		ldr	r4, .L20+16
 233 016a 6068     		ldr	r0, [r4, #4]	@ float
 234 016c FFF7FEFF 		bl	__aeabi_f2d
 235              	.LVL39:
 236 0170 3246     		mov	r2, r6
 237 0172 3B46     		mov	r3, r7
 238 0174 FFF7FEFF 		bl	__aeabi_dadd
 239              	.LVL40:
 240 0178 FFF7FEFF 		bl	__aeabi_d2f
 241              	.LVL41:
 242 017c 6060     		str	r0, [r4, #4]	@ float
 243 017e E4E0     		b	.L4
 244              	.L9:
  78:.\main.c      ****         }
  79:.\main.c      ****         else if (FS_Read() > 0) {
 245              		.loc 1 79 0
 246 0180 FFF7FEFF 		bl	FS_Read
 247              	.LVL42:
 248 0184 D8B1     		cbz	r0, .L10
  80:.\main.c      ****             theta += 2 * 3.14159 * frequencies[6] * (1/16000.0);
 249              		.loc 1 80 0
 250 0186 514B     		ldr	r3, .L20+20
 251 0188 9869     		ldr	r0, [r3, #24]	@ float
 252 018a FFF7FEFF 		bl	__aeabi_f2d
 253              	.LVL43:
 254 018e 4AA3     		adr	r3, .L20
 255 0190 D3E90023 		ldrd	r2, [r3]
 256 0194 FFF7FEFF 		bl	__aeabi_dmul
 257              	.LVL44:
 258 0198 49A3     		adr	r3, .L20+8
 259 019a D3E90023 		ldrd	r2, [r3]
 260 019e FFF7FEFF 		bl	__aeabi_dmul
 261              	.LVL45:
 262 01a2 0646     		mov	r6, r0
ARM GAS  C:\Users\floof\AppData\Local\Temp\ccjhebsl.s 			page 7


 263 01a4 0F46     		mov	r7, r1
 264 01a6 484C     		ldr	r4, .L20+16
 265 01a8 6068     		ldr	r0, [r4, #4]	@ float
 266 01aa FFF7FEFF 		bl	__aeabi_f2d
 267              	.LVL46:
 268 01ae 3246     		mov	r2, r6
 269 01b0 3B46     		mov	r3, r7
 270 01b2 FFF7FEFF 		bl	__aeabi_dadd
 271              	.LVL47:
 272 01b6 FFF7FEFF 		bl	__aeabi_d2f
 273              	.LVL48:
 274 01ba 6060     		str	r0, [r4, #4]	@ float
 275 01bc C5E0     		b	.L4
 276              	.L10:
  81:.\main.c      ****         }
  82:.\main.c      ****         else if (G_Read() > 0) {
 277              		.loc 1 82 0
 278 01be FFF7FEFF 		bl	G_Read
 279              	.LVL49:
 280 01c2 D8B1     		cbz	r0, .L11
  83:.\main.c      ****             theta += 2 * 3.14159 * frequencies[7] * (1/16000.0);
 281              		.loc 1 83 0
 282 01c4 414B     		ldr	r3, .L20+20
 283 01c6 D869     		ldr	r0, [r3, #28]	@ float
 284 01c8 FFF7FEFF 		bl	__aeabi_f2d
 285              	.LVL50:
 286 01cc 3AA3     		adr	r3, .L20
 287 01ce D3E90023 		ldrd	r2, [r3]
 288 01d2 FFF7FEFF 		bl	__aeabi_dmul
 289              	.LVL51:
 290 01d6 3AA3     		adr	r3, .L20+8
 291 01d8 D3E90023 		ldrd	r2, [r3]
 292 01dc FFF7FEFF 		bl	__aeabi_dmul
 293              	.LVL52:
 294 01e0 0646     		mov	r6, r0
 295 01e2 0F46     		mov	r7, r1
 296 01e4 384C     		ldr	r4, .L20+16
 297 01e6 6068     		ldr	r0, [r4, #4]	@ float
 298 01e8 FFF7FEFF 		bl	__aeabi_f2d
 299              	.LVL53:
 300 01ec 3246     		mov	r2, r6
 301 01ee 3B46     		mov	r3, r7
 302 01f0 FFF7FEFF 		bl	__aeabi_dadd
 303              	.LVL54:
 304 01f4 FFF7FEFF 		bl	__aeabi_d2f
 305              	.LVL55:
 306 01f8 6060     		str	r0, [r4, #4]	@ float
 307 01fa A6E0     		b	.L4
 308              	.L11:
  84:.\main.c      ****         }
  85:.\main.c      ****         else if (GS_Read() > 0) {
 309              		.loc 1 85 0
 310 01fc FFF7FEFF 		bl	GS_Read
 311              	.LVL56:
 312 0200 D8B1     		cbz	r0, .L12
  86:.\main.c      ****             theta += 2 * 3.14159 * frequencies[8] * (1/16000.0);
 313              		.loc 1 86 0
ARM GAS  C:\Users\floof\AppData\Local\Temp\ccjhebsl.s 			page 8


 314 0202 324B     		ldr	r3, .L20+20
 315 0204 186A     		ldr	r0, [r3, #32]	@ float
 316 0206 FFF7FEFF 		bl	__aeabi_f2d
 317              	.LVL57:
 318 020a 2BA3     		adr	r3, .L20
 319 020c D3E90023 		ldrd	r2, [r3]
 320 0210 FFF7FEFF 		bl	__aeabi_dmul
 321              	.LVL58:
 322 0214 2AA3     		adr	r3, .L20+8
 323 0216 D3E90023 		ldrd	r2, [r3]
 324 021a FFF7FEFF 		bl	__aeabi_dmul
 325              	.LVL59:
 326 021e 0646     		mov	r6, r0
 327 0220 0F46     		mov	r7, r1
 328 0222 294C     		ldr	r4, .L20+16
 329 0224 6068     		ldr	r0, [r4, #4]	@ float
 330 0226 FFF7FEFF 		bl	__aeabi_f2d
 331              	.LVL60:
 332 022a 3246     		mov	r2, r6
 333 022c 3B46     		mov	r3, r7
 334 022e FFF7FEFF 		bl	__aeabi_dadd
 335              	.LVL61:
 336 0232 FFF7FEFF 		bl	__aeabi_d2f
 337              	.LVL62:
 338 0236 6060     		str	r0, [r4, #4]	@ float
 339 0238 87E0     		b	.L4
 340              	.L12:
  87:.\main.c      ****         }
  88:.\main.c      ****         else if (A_Read() > 0) {
 341              		.loc 1 88 0
 342 023a FFF7FEFF 		bl	A_Read
 343              	.LVL63:
 344 023e D8B1     		cbz	r0, .L13
  89:.\main.c      ****             theta += 2 * 3.14159 * frequencies[9] * (1/16000.0);
 345              		.loc 1 89 0
 346 0240 224B     		ldr	r3, .L20+20
 347 0242 586A     		ldr	r0, [r3, #36]	@ float
 348 0244 FFF7FEFF 		bl	__aeabi_f2d
 349              	.LVL64:
 350 0248 1BA3     		adr	r3, .L20
 351 024a D3E90023 		ldrd	r2, [r3]
 352 024e FFF7FEFF 		bl	__aeabi_dmul
 353              	.LVL65:
 354 0252 1BA3     		adr	r3, .L20+8
 355 0254 D3E90023 		ldrd	r2, [r3]
 356 0258 FFF7FEFF 		bl	__aeabi_dmul
 357              	.LVL66:
 358 025c 0646     		mov	r6, r0
 359 025e 0F46     		mov	r7, r1
 360 0260 194C     		ldr	r4, .L20+16
 361 0262 6068     		ldr	r0, [r4, #4]	@ float
 362 0264 FFF7FEFF 		bl	__aeabi_f2d
 363              	.LVL67:
 364 0268 3246     		mov	r2, r6
 365 026a 3B46     		mov	r3, r7
 366 026c FFF7FEFF 		bl	__aeabi_dadd
 367              	.LVL68:
ARM GAS  C:\Users\floof\AppData\Local\Temp\ccjhebsl.s 			page 9


 368 0270 FFF7FEFF 		bl	__aeabi_d2f
 369              	.LVL69:
 370 0274 6060     		str	r0, [r4, #4]	@ float
 371 0276 68E0     		b	.L4
 372              	.L13:
  90:.\main.c      ****         }
  91:.\main.c      ****         else if (AS_Read() > 0) {
 373              		.loc 1 91 0
 374 0278 FFF7FEFF 		bl	AS_Read
 375              	.LVL70:
 376 027c 40B3     		cbz	r0, .L14
  92:.\main.c      ****             theta += 2 * 3.14159 * frequencies[10] * (1/16000.0);
 377              		.loc 1 92 0
 378 027e 134B     		ldr	r3, .L20+20
 379 0280 986A     		ldr	r0, [r3, #40]	@ float
 380 0282 FFF7FEFF 		bl	__aeabi_f2d
 381              	.LVL71:
 382 0286 0CA3     		adr	r3, .L20
 383 0288 D3E90023 		ldrd	r2, [r3]
 384 028c FFF7FEFF 		bl	__aeabi_dmul
 385              	.LVL72:
 386 0290 0BA3     		adr	r3, .L20+8
 387 0292 D3E90023 		ldrd	r2, [r3]
 388 0296 FFF7FEFF 		bl	__aeabi_dmul
 389              	.LVL73:
 390 029a 0646     		mov	r6, r0
 391 029c 0F46     		mov	r7, r1
 392 029e 0A4C     		ldr	r4, .L20+16
 393 02a0 6068     		ldr	r0, [r4, #4]	@ float
 394 02a2 FFF7FEFF 		bl	__aeabi_f2d
 395              	.LVL74:
 396 02a6 3246     		mov	r2, r6
 397 02a8 3B46     		mov	r3, r7
 398 02aa FFF7FEFF 		bl	__aeabi_dadd
 399              	.LVL75:
 400 02ae FFF7FEFF 		bl	__aeabi_d2f
 401              	.LVL76:
 402 02b2 6060     		str	r0, [r4, #4]	@ float
 403 02b4 49E0     		b	.L4
 404              	.L21:
 405 02b6 00BF     		.align	3
 406              	.L20:
 407 02b8 6E861BF0 		.word	-266631570
 408 02bc F9211940 		.word	1075388921
 409 02c0 FCA9F1D2 		.word	-755914244
 410 02c4 4D62103F 		.word	1058038349
 411 02c8 00000000 		.word	.LANCHOR0
 412 02cc 00000000 		.word	.LANCHOR1
 413              	.L14:
  93:.\main.c      ****         }
  94:.\main.c      ****         else if (B_Read() > 0) {
 414              		.loc 1 94 0
 415 02d0 FFF7FEFF 		bl	B_Read
 416              	.LVL77:
 417 02d4 D8B1     		cbz	r0, .L15
  95:.\main.c      ****             theta += 2 * 3.14159 * frequencies[11] * (1/16000.0);
 418              		.loc 1 95 0
ARM GAS  C:\Users\floof\AppData\Local\Temp\ccjhebsl.s 			page 10


 419 02d6 364B     		ldr	r3, .L22+16
 420 02d8 D86A     		ldr	r0, [r3, #44]	@ float
 421 02da FFF7FEFF 		bl	__aeabi_f2d
 422              	.LVL78:
 423 02de 30A3     		adr	r3, .L22
 424 02e0 D3E90023 		ldrd	r2, [r3]
 425 02e4 FFF7FEFF 		bl	__aeabi_dmul
 426              	.LVL79:
 427 02e8 2FA3     		adr	r3, .L22+8
 428 02ea D3E90023 		ldrd	r2, [r3]
 429 02ee FFF7FEFF 		bl	__aeabi_dmul
 430              	.LVL80:
 431 02f2 0646     		mov	r6, r0
 432 02f4 0F46     		mov	r7, r1
 433 02f6 2F4C     		ldr	r4, .L22+20
 434 02f8 6068     		ldr	r0, [r4, #4]	@ float
 435 02fa FFF7FEFF 		bl	__aeabi_f2d
 436              	.LVL81:
 437 02fe 3246     		mov	r2, r6
 438 0300 3B46     		mov	r3, r7
 439 0302 FFF7FEFF 		bl	__aeabi_dadd
 440              	.LVL82:
 441 0306 FFF7FEFF 		bl	__aeabi_d2f
 442              	.LVL83:
 443 030a 6060     		str	r0, [r4, #4]	@ float
 444 030c 1DE0     		b	.L4
 445              	.L15:
  96:.\main.c      ****         }
  97:.\main.c      ****         else if (UC_Read() > 0) {
 446              		.loc 1 97 0
 447 030e FFF7FEFF 		bl	UC_Read
 448              	.LVL84:
 449 0312 D0B1     		cbz	r0, .L4
  98:.\main.c      ****             theta += 2 * 3.14159 * frequencies[12] * (1/16000.0);
 450              		.loc 1 98 0
 451 0314 264B     		ldr	r3, .L22+16
 452 0316 186B     		ldr	r0, [r3, #48]	@ float
 453 0318 FFF7FEFF 		bl	__aeabi_f2d
 454              	.LVL85:
 455 031c 20A3     		adr	r3, .L22
 456 031e D3E90023 		ldrd	r2, [r3]
 457 0322 FFF7FEFF 		bl	__aeabi_dmul
 458              	.LVL86:
 459 0326 20A3     		adr	r3, .L22+8
 460 0328 D3E90023 		ldrd	r2, [r3]
 461 032c FFF7FEFF 		bl	__aeabi_dmul
 462              	.LVL87:
 463 0330 0646     		mov	r6, r0
 464 0332 0F46     		mov	r7, r1
 465 0334 1F4C     		ldr	r4, .L22+20
 466 0336 6068     		ldr	r0, [r4, #4]	@ float
 467 0338 FFF7FEFF 		bl	__aeabi_f2d
 468              	.LVL88:
 469 033c 3246     		mov	r2, r6
 470 033e 3B46     		mov	r3, r7
 471 0340 FFF7FEFF 		bl	__aeabi_dadd
 472              	.LVL89:
ARM GAS  C:\Users\floof\AppData\Local\Temp\ccjhebsl.s 			page 11


 473 0344 FFF7FEFF 		bl	__aeabi_d2f
 474              	.LVL90:
 475 0348 6060     		str	r0, [r4, #4]	@ float
 476              	.L4:
  99:.\main.c      ****         }
 100:.\main.c      **** 
 101:.\main.c      ****         if (theta > 2 * 3.14159) {
 477              		.loc 1 101 0
 478 034a 1A4B     		ldr	r3, .L22+20
 479 034c 5868     		ldr	r0, [r3, #4]	@ float
 480 034e FFF7FEFF 		bl	__aeabi_f2d
 481              	.LVL91:
 482 0352 0446     		mov	r4, r0
 483 0354 0D46     		mov	r5, r1
 484 0356 12A3     		adr	r3, .L22
 485 0358 D3E90023 		ldrd	r2, [r3]
 486 035c FFF7FEFF 		bl	__aeabi_dcmpgt
 487              	.LVL92:
 488 0360 50B1     		cbz	r0, .L16
 102:.\main.c      ****             theta -= 2 * 3.14159;
 489              		.loc 1 102 0
 490 0362 2046     		mov	r0, r4
 491 0364 2946     		mov	r1, r5
 492 0366 0EA3     		adr	r3, .L22
 493 0368 D3E90023 		ldrd	r2, [r3]
 494 036c FFF7FEFF 		bl	__aeabi_dsub
 495              	.LVL93:
 496 0370 FFF7FEFF 		bl	__aeabi_d2f
 497              	.LVL94:
 498 0374 0F4B     		ldr	r3, .L22+20
 499 0376 5860     		str	r0, [r3, #4]	@ float
 500              	.L16:
 103:.\main.c      ****         }
 104:.\main.c      **** 
 105:.\main.c      ****         DacCode = 127 + 120 * sinf(theta);
 501              		.loc 1 105 0
 502 0378 0E4C     		ldr	r4, .L22+20
 503 037a 6068     		ldr	r0, [r4, #4]	@ float
 504 037c FFF7FEFF 		bl	sinf
 505              	.LVL95:
 506 0380 0D49     		ldr	r1, .L22+24
 507 0382 FFF7FEFF 		bl	__aeabi_fmul
 508              	.LVL96:
 509 0386 0D49     		ldr	r1, .L22+28
 510 0388 FFF7FEFF 		bl	__aeabi_fadd
 511              	.LVL97:
 512 038c FFF7FEFF 		bl	__aeabi_f2uiz
 513              	.LVL98:
 514 0390 C0B2     		uxtb	r0, r0
 515 0392 2072     		strb	r0, [r4, #8]
 106:.\main.c      **** 
 107:.\main.c      ****         VDAC8_1_SetValue(DacCode);
 516              		.loc 1 107 0
 517 0394 FFF7FEFF 		bl	VDAC8_1_SetValue
 518              	.LVL99:
 519              	.L1:
 520 0398 F8BD     		pop	{r3, r4, r5, r6, r7, pc}
ARM GAS  C:\Users\floof\AppData\Local\Temp\ccjhebsl.s 			page 12


 521              	.L23:
 522 039a 00BFAFF3 		.align	3
 522      0080
 523              	.L22:
 524 03a0 6E861BF0 		.word	-266631570
 525 03a4 F9211940 		.word	1075388921
 526 03a8 FCA9F1D2 		.word	-755914244
 527 03ac 4D62103F 		.word	1058038349
 528 03b0 00000000 		.word	.LANCHOR1
 529 03b4 00000000 		.word	.LANCHOR0
 530 03b8 0000F042 		.word	1123024896
 531 03bc 0000FE42 		.word	1123942400
 532              		.cfi_endproc
 533              	.LFE64:
 534              		.size	DacSet, .-DacSet
 535              		.section	.text.main,"ax",%progbits
 536              		.align	2
 537              		.global	main
 538              		.thumb
 539              		.thumb_func
 540              		.type	main, %function
 541              	main:
 542              	.LFB63:
  23:.\main.c      ****    
 543              		.loc 1 23 0
 544              		.cfi_startproc
 545              		@ Volatile: function does not return.
 546              		@ args = 0, pretend = 0, frame = 0
 547              		@ frame_needed = 0, uses_anonymous_args = 0
 548 0000 08B5     		push	{r3, lr}
 549              		.cfi_def_cfa_offset 8
 550              		.cfi_offset 3, -8
 551              		.cfi_offset 14, -4
  26:.\main.c      ****     isr_1_StartEx(DacSet);
 552              		.loc 1 26 0
 553 0002 FFF7FEFF 		bl	VDAC8_1_Start
 554              	.LVL100:
  27:.\main.c      ****     
 555              		.loc 1 27 0
 556 0006 0448     		ldr	r0, .L27
 557 0008 FFF7FEFF 		bl	isr_1_StartEx
 558              	.LVL101:
  34:.\main.c      ****     
 559              		.loc 1 34 0
 560              	@ 34 ".\main.c" 1
 561 000c 62B6     		CPSIE   i
 562              	@ 0 "" 2
 563              		.thumb
 564              	.L25:
  39:.\main.c      ****         /*if (Pin_2_Read() == 1)
 565              		.loc 1 39 0 discriminator 1
 566 000e 0122     		movs	r2, #1
 567 0010 024B     		ldr	r3, .L27+4
 568 0012 1A70     		strb	r2, [r3]
  51:.\main.c      **** }
 569              		.loc 1 51 0 discriminator 1
 570 0014 FBE7     		b	.L25
ARM GAS  C:\Users\floof\AppData\Local\Temp\ccjhebsl.s 			page 13


 571              	.L28:
 572 0016 00BF     		.align	2
 573              	.L27:
 574 0018 00000000 		.word	DacSet
 575 001c 00000000 		.word	.LANCHOR0
 576              		.cfi_endproc
 577              	.LFE63:
 578              		.size	main, .-main
 579              		.global	frequencies
 580              		.global	UpDown
 581              		.global	EnableOutput
 582              		.global	DacCode
 583              		.global	theta
 584              		.data
 585              		.align	2
 586              		.set	.LANCHOR1,. + 0
 587              		.type	frequencies, %object
 588              		.size	frequencies, 52
 589              	frequencies:
 590 0000 00008343 		.word	1132658688
 591 0004 CD0C8B43 		.word	1133186253
 592 0008 66669243 		.word	1133667942
 593 000c A4109D43 		.word	1134366884
 594 0010 00C0A343 		.word	1134804992
 595 0014 6626AC43 		.word	1135355494
 596 0018 6626BA43 		.word	1136272998
 597 001c 0000C443 		.word	1136918528
 598 0020 3333D043 		.word	1137718067
 599 0024 9AD9DA43 		.word	1138416026
 600 0028 33B3E943 		.word	1139389235
 601 002c 9A19FB43 		.word	1140529562
 602 0030 00000344 		.word	1141047296
 603              		.bss
 604              		.align	2
 605              		.set	.LANCHOR0,. + 0
 606              		.type	EnableOutput, %object
 607              		.size	EnableOutput, 1
 608              	EnableOutput:
 609 0000 00       		.space	1
 610 0001 000000   		.space	3
 611              		.type	theta, %object
 612              		.size	theta, 4
 613              	theta:
 614 0004 00000000 		.space	4
 615              		.type	DacCode, %object
 616              		.size	DacCode, 1
 617              	DacCode:
 618 0008 00       		.space	1
 619              		.type	UpDown, %object
 620              		.size	UpDown, 1
 621              	UpDown:
 622 0009 00       		.space	1
 623 000a 0000     		.text
 624              	.Letext0:
 625              		.file 2 "c:\\program files (x86)\\cypress\\psoc creator\\3.3\\psoc creator\\import\\gnu\\arm\\4.9.
 626              		.file 3 "c:\\program files (x86)\\cypress\\psoc creator\\3.3\\psoc creator\\import\\gnu\\arm\\4.9.
 627              		.file 4 "Generated_Source\\PSoC5/cytypes.h"
ARM GAS  C:\Users\floof\AppData\Local\Temp\ccjhebsl.s 			page 14


 628              		.file 5 "Generated_Source\\PSoC5/core_cm3.h"
 629              		.file 6 "Generated_Source\\PSoC5/C.h"
 630              		.file 7 "Generated_Source\\PSoC5/CS.h"
 631              		.file 8 "Generated_Source\\PSoC5/D.h"
 632              		.file 9 "Generated_Source\\PSoC5/DS.h"
 633              		.file 10 "Generated_Source\\PSoC5/E.h"
 634              		.file 11 "Generated_Source\\PSoC5/F.h"
 635              		.file 12 "Generated_Source\\PSoC5/FS.h"
 636              		.file 13 "Generated_Source\\PSoC5/G.h"
 637              		.file 14 "Generated_Source\\PSoC5/GS.h"
 638              		.file 15 "Generated_Source\\PSoC5/A.h"
 639              		.file 16 "Generated_Source\\PSoC5/AS.h"
 640              		.file 17 "Generated_Source\\PSoC5/B.h"
 641              		.file 18 "Generated_Source\\PSoC5/UC.h"
 642              		.file 19 "c:\\program files (x86)\\cypress\\psoc creator\\3.3\\psoc creator\\import\\gnu\\arm\\4.9
 643              		.file 20 "Generated_Source\\PSoC5/VDAC8_1.h"
 644              		.file 21 "Generated_Source\\PSoC5/isr_1.h"
 645              		.section	.debug_info,"",%progbits
 646              	.Ldebug_info0:
 647 0000 E9020000 		.4byte	0x2e9
 648 0004 0400     		.2byte	0x4
 649 0006 00000000 		.4byte	.Ldebug_abbrev0
 650 000a 04       		.byte	0x4
 651 000b 01       		.uleb128 0x1
 652 000c 19010000 		.4byte	.LASF41
 653 0010 01       		.byte	0x1
 654 0011 A3000000 		.4byte	.LASF42
 655 0015 22000000 		.4byte	.LASF43
 656 0019 00000000 		.4byte	.Ldebug_ranges0+0
 657 001d 00000000 		.4byte	0
 658 0021 00000000 		.4byte	.Ldebug_line0
 659 0025 02       		.uleb128 0x2
 660 0026 01       		.byte	0x1
 661 0027 06       		.byte	0x6
 662 0028 6D020000 		.4byte	.LASF0
 663 002c 03       		.uleb128 0x3
 664 002d 00000000 		.4byte	.LASF4
 665 0031 02       		.byte	0x2
 666 0032 1D       		.byte	0x1d
 667 0033 37000000 		.4byte	0x37
 668 0037 02       		.uleb128 0x2
 669 0038 01       		.byte	0x1
 670 0039 08       		.byte	0x8
 671 003a 8E000000 		.4byte	.LASF1
 672 003e 02       		.uleb128 0x2
 673 003f 02       		.byte	0x2
 674 0040 05       		.byte	0x5
 675 0041 33020000 		.4byte	.LASF2
 676 0045 02       		.uleb128 0x2
 677 0046 02       		.byte	0x2
 678 0047 07       		.byte	0x7
 679 0048 BB000000 		.4byte	.LASF3
 680 004c 03       		.uleb128 0x3
 681 004d 12000000 		.4byte	.LASF5
 682 0051 02       		.byte	0x2
 683 0052 3F       		.byte	0x3f
 684 0053 57000000 		.4byte	0x57
ARM GAS  C:\Users\floof\AppData\Local\Temp\ccjhebsl.s 			page 15


 685 0057 02       		.uleb128 0x2
 686 0058 04       		.byte	0x4
 687 0059 05       		.byte	0x5
 688 005a 51020000 		.4byte	.LASF6
 689 005e 02       		.uleb128 0x2
 690 005f 04       		.byte	0x4
 691 0060 07       		.byte	0x7
 692 0061 E9000000 		.4byte	.LASF7
 693 0065 02       		.uleb128 0x2
 694 0066 08       		.byte	0x8
 695 0067 05       		.byte	0x5
 696 0068 18020000 		.4byte	.LASF8
 697 006c 02       		.uleb128 0x2
 698 006d 08       		.byte	0x8
 699 006e 07       		.byte	0x7
 700 006f BB010000 		.4byte	.LASF9
 701 0073 04       		.uleb128 0x4
 702 0074 04       		.byte	0x4
 703 0075 05       		.byte	0x5
 704 0076 696E7400 		.ascii	"int\000"
 705 007a 02       		.uleb128 0x2
 706 007b 04       		.byte	0x4
 707 007c 07       		.byte	0x7
 708 007d AE010000 		.4byte	.LASF10
 709 0081 03       		.uleb128 0x3
 710 0082 D2010000 		.4byte	.LASF11
 711 0086 03       		.byte	0x3
 712 0087 15       		.byte	0x15
 713 0088 2C000000 		.4byte	0x2c
 714 008c 03       		.uleb128 0x3
 715 008d 00020000 		.4byte	.LASF12
 716 0091 03       		.byte	0x3
 717 0092 2C       		.byte	0x2c
 718 0093 4C000000 		.4byte	0x4c
 719 0097 05       		.uleb128 0x5
 720 0098 3D020000 		.4byte	.LASF13
 721 009c 04       		.byte	0x4
 722 009d 9201     		.2byte	0x192
 723 009f 37000000 		.4byte	0x37
 724 00a3 02       		.uleb128 0x2
 725 00a4 04       		.byte	0x4
 726 00a5 04       		.byte	0x4
 727 00a6 80000000 		.4byte	.LASF14
 728 00aa 02       		.uleb128 0x2
 729 00ab 08       		.byte	0x8
 730 00ac 04       		.byte	0x4
 731 00ad 63000000 		.4byte	.LASF15
 732 00b1 02       		.uleb128 0x2
 733 00b2 01       		.byte	0x1
 734 00b3 08       		.byte	0x8
 735 00b4 26020000 		.4byte	.LASF16
 736 00b8 05       		.uleb128 0x5
 737 00b9 EB010000 		.4byte	.LASF17
 738 00bd 04       		.byte	0x4
 739 00be 4E02     		.2byte	0x24e
 740 00c0 C4000000 		.4byte	0xc4
 741 00c4 06       		.uleb128 0x6
ARM GAS  C:\Users\floof\AppData\Local\Temp\ccjhebsl.s 			page 16


 742 00c5 04       		.byte	0x4
 743 00c6 CA000000 		.4byte	0xca
 744 00ca 07       		.uleb128 0x7
 745 00cb 02       		.uleb128 0x2
 746 00cc 04       		.byte	0x4
 747 00cd 07       		.byte	0x7
 748 00ce 08020000 		.4byte	.LASF18
 749 00d2 02       		.uleb128 0x2
 750 00d3 08       		.byte	0x8
 751 00d4 04       		.byte	0x4
 752 00d5 5A020000 		.4byte	.LASF19
 753 00d9 08       		.uleb128 0x8
 754 00da B4000000 		.4byte	.LASF20
 755 00de 01       		.byte	0x1
 756 00df 38       		.byte	0x38
 757 00e0 00000000 		.4byte	.LFB64
 758 00e4 C0030000 		.4byte	.LFE64-.LFB64
 759 00e8 01       		.uleb128 0x1
 760 00e9 9C       		.byte	0x9c
 761 00ea 76010000 		.4byte	0x176
 762 00ee 09       		.uleb128 0x9
 763 00ef 10000000 		.4byte	.LVL0
 764 00f3 22020000 		.4byte	0x222
 765 00f7 09       		.uleb128 0x9
 766 00f8 4E000000 		.4byte	.LVL7
 767 00fc 2D020000 		.4byte	0x22d
 768 0100 09       		.uleb128 0x9
 769 0101 8C000000 		.4byte	.LVL14
 770 0105 38020000 		.4byte	0x238
 771 0109 09       		.uleb128 0x9
 772 010a CA000000 		.4byte	.LVL21
 773 010e 43020000 		.4byte	0x243
 774 0112 09       		.uleb128 0x9
 775 0113 08010000 		.4byte	.LVL28
 776 0117 4E020000 		.4byte	0x24e
 777 011b 09       		.uleb128 0x9
 778 011c 46010000 		.4byte	.LVL35
 779 0120 59020000 		.4byte	0x259
 780 0124 09       		.uleb128 0x9
 781 0125 84010000 		.4byte	.LVL42
 782 0129 64020000 		.4byte	0x264
 783 012d 09       		.uleb128 0x9
 784 012e C2010000 		.4byte	.LVL49
 785 0132 6F020000 		.4byte	0x26f
 786 0136 09       		.uleb128 0x9
 787 0137 00020000 		.4byte	.LVL56
 788 013b 7A020000 		.4byte	0x27a
 789 013f 09       		.uleb128 0x9
 790 0140 3E020000 		.4byte	.LVL63
 791 0144 85020000 		.4byte	0x285
 792 0148 09       		.uleb128 0x9
 793 0149 7C020000 		.4byte	.LVL70
 794 014d 90020000 		.4byte	0x290
 795 0151 09       		.uleb128 0x9
 796 0152 D4020000 		.4byte	.LVL77
 797 0156 9B020000 		.4byte	0x29b
 798 015a 09       		.uleb128 0x9
ARM GAS  C:\Users\floof\AppData\Local\Temp\ccjhebsl.s 			page 17


 799 015b 12030000 		.4byte	.LVL84
 800 015f A6020000 		.4byte	0x2a6
 801 0163 09       		.uleb128 0x9
 802 0164 80030000 		.4byte	.LVL95
 803 0168 B1020000 		.4byte	0x2b1
 804 016c 09       		.uleb128 0x9
 805 016d 98030000 		.4byte	.LVL99
 806 0171 C7020000 		.4byte	0x2c7
 807 0175 00       		.byte	0
 808 0176 0A       		.uleb128 0xa
 809 0177 FB000000 		.4byte	.LASF21
 810 017b 01       		.byte	0x1
 811 017c 16       		.byte	0x16
 812 017d 73000000 		.4byte	0x73
 813 0181 00000000 		.4byte	.LFB63
 814 0185 20000000 		.4byte	.LFE63-.LFB63
 815 0189 01       		.uleb128 0x1
 816 018a 9C       		.byte	0x9c
 817 018b AC010000 		.4byte	0x1ac
 818 018f 09       		.uleb128 0x9
 819 0190 06000000 		.4byte	.LVL100
 820 0194 D8020000 		.4byte	0x2d8
 821 0198 0B       		.uleb128 0xb
 822 0199 0C000000 		.4byte	.LVL101
 823 019d DF020000 		.4byte	0x2df
 824 01a1 0C       		.uleb128 0xc
 825 01a2 01       		.uleb128 0x1
 826 01a3 50       		.byte	0x50
 827 01a4 05       		.uleb128 0x5
 828 01a5 03       		.byte	0x3
 829 01a6 00000000 		.4byte	DacSet
 830 01aa 00       		.byte	0
 831 01ab 00       		.byte	0
 832 01ac 0D       		.uleb128 0xd
 833 01ad CE000000 		.4byte	.LASF22
 834 01b1 05       		.byte	0x5
 835 01b2 9606     		.2byte	0x696
 836 01b4 B8010000 		.4byte	0x1b8
 837 01b8 0E       		.uleb128 0xe
 838 01b9 8C000000 		.4byte	0x8c
 839 01bd 0F       		.uleb128 0xf
 840 01be 1C000000 		.4byte	.LASF23
 841 01c2 01       		.byte	0x1
 842 01c3 11       		.byte	0x11
 843 01c4 A3000000 		.4byte	0xa3
 844 01c8 05       		.uleb128 0x5
 845 01c9 03       		.byte	0x3
 846 01ca 00000000 		.4byte	theta
 847 01ce 0F       		.uleb128 0xf
 848 01cf 71000000 		.4byte	.LASF24
 849 01d3 01       		.byte	0x1
 850 01d4 12       		.byte	0x12
 851 01d5 81000000 		.4byte	0x81
 852 01d9 05       		.uleb128 0x5
 853 01da 03       		.byte	0x3
 854 01db 00000000 		.4byte	DacCode
 855 01df 0F       		.uleb128 0xf
ARM GAS  C:\Users\floof\AppData\Local\Temp\ccjhebsl.s 			page 18


 856 01e0 0C010000 		.4byte	.LASF25
 857 01e4 01       		.byte	0x1
 858 01e5 13       		.byte	0x13
 859 01e6 81000000 		.4byte	0x81
 860 01ea 05       		.uleb128 0x5
 861 01eb 03       		.byte	0x3
 862 01ec 00000000 		.4byte	EnableOutput
 863 01f0 0F       		.uleb128 0xf
 864 01f1 4A020000 		.4byte	.LASF26
 865 01f5 01       		.byte	0x1
 866 01f6 14       		.byte	0x14
 867 01f7 81000000 		.4byte	0x81
 868 01fb 05       		.uleb128 0x5
 869 01fc 03       		.byte	0x3
 870 01fd 00000000 		.4byte	UpDown
 871 0201 10       		.uleb128 0x10
 872 0202 A3000000 		.4byte	0xa3
 873 0206 11020000 		.4byte	0x211
 874 020a 11       		.uleb128 0x11
 875 020b CB000000 		.4byte	0xcb
 876 020f 0C       		.byte	0xc
 877 0210 00       		.byte	0
 878 0211 0F       		.uleb128 0xf
 879 0212 00010000 		.4byte	.LASF27
 880 0216 01       		.byte	0x1
 881 0217 36       		.byte	0x36
 882 0218 01020000 		.4byte	0x201
 883 021c 05       		.uleb128 0x5
 884 021d 03       		.byte	0x3
 885 021e 00000000 		.4byte	frequencies
 886 0222 12       		.uleb128 0x12
 887 0223 66020000 		.4byte	.LASF28
 888 0227 06       		.byte	0x6
 889 0228 29       		.byte	0x29
 890 0229 97000000 		.4byte	0x97
 891 022d 12       		.uleb128 0x12
 892 022e 87020000 		.4byte	.LASF29
 893 0232 07       		.byte	0x7
 894 0233 29       		.byte	0x29
 895 0234 97000000 		.4byte	0x97
 896 0238 12       		.uleb128 0x12
 897 0239 79000000 		.4byte	.LASF30
 898 023d 08       		.byte	0x8
 899 023e 29       		.byte	0x29
 900 023f 97000000 		.4byte	0x97
 901 0243 12       		.uleb128 0x12
 902 0244 0A000000 		.4byte	.LASF31
 903 0248 09       		.byte	0x9
 904 0249 29       		.byte	0x29
 905 024a 97000000 		.4byte	0x97
 906 024e 12       		.uleb128 0x12
 907 024f 11020000 		.4byte	.LASF32
 908 0253 0A       		.byte	0xa
 909 0254 29       		.byte	0x29
 910 0255 97000000 		.4byte	0x97
 911 0259 12       		.uleb128 0x12
 912 025a 43020000 		.4byte	.LASF33
ARM GAS  C:\Users\floof\AppData\Local\Temp\ccjhebsl.s 			page 19


 913 025e 0B       		.byte	0xb
 914 025f 29       		.byte	0x29
 915 0260 97000000 		.4byte	0x97
 916 0264 12       		.uleb128 0x12
 917 0265 86000000 		.4byte	.LASF34
 918 0269 0C       		.byte	0xc
 919 026a 29       		.byte	0x29
 920 026b 97000000 		.4byte	0x97
 921 026f 12       		.uleb128 0x12
 922 0270 6A000000 		.4byte	.LASF35
 923 0274 0D       		.byte	0xd
 924 0275 29       		.byte	0x29
 925 0276 97000000 		.4byte	0x97
 926 027a 12       		.uleb128 0x12
 927 027b AC000000 		.4byte	.LASF36
 928 027f 0E       		.byte	0xe
 929 0280 29       		.byte	0x29
 930 0281 97000000 		.4byte	0x97
 931 0285 12       		.uleb128 0x12
 932 0286 9C000000 		.4byte	.LASF37
 933 028a 0F       		.byte	0xf
 934 028b 29       		.byte	0x29
 935 028c 97000000 		.4byte	0x97
 936 0290 12       		.uleb128 0x12
 937 0291 2B020000 		.4byte	.LASF38
 938 0295 10       		.byte	0x10
 939 0296 29       		.byte	0x29
 940 0297 97000000 		.4byte	0x97
 941 029b 12       		.uleb128 0x12
 942 029c A7010000 		.4byte	.LASF39
 943 02a0 11       		.byte	0x11
 944 02a1 29       		.byte	0x29
 945 02a2 97000000 		.4byte	0x97
 946 02a6 12       		.uleb128 0x12
 947 02a7 F8010000 		.4byte	.LASF40
 948 02ab 12       		.byte	0x12
 949 02ac 29       		.byte	0x29
 950 02ad 97000000 		.4byte	0x97
 951 02b1 13       		.uleb128 0x13
 952 02b2 8F020000 		.4byte	.LASF44
 953 02b6 13       		.byte	0x13
 954 02b7 4001     		.2byte	0x140
 955 02b9 A3000000 		.4byte	0xa3
 956 02bd C7020000 		.4byte	0x2c7
 957 02c1 14       		.uleb128 0x14
 958 02c2 A3000000 		.4byte	0xa3
 959 02c6 00       		.byte	0
 960 02c7 15       		.uleb128 0x15
 961 02c8 DA010000 		.4byte	.LASF45
 962 02cc 14       		.byte	0x14
 963 02cd 37       		.byte	0x37
 964 02ce D8020000 		.4byte	0x2d8
 965 02d2 14       		.uleb128 0x14
 966 02d3 97000000 		.4byte	0x97
 967 02d7 00       		.byte	0
 968 02d8 16       		.uleb128 0x16
 969 02d9 DB000000 		.4byte	.LASF46
ARM GAS  C:\Users\floof\AppData\Local\Temp\ccjhebsl.s 			page 20


 970 02dd 14       		.byte	0x14
 971 02de 33       		.byte	0x33
 972 02df 17       		.uleb128 0x17
 973 02e0 79020000 		.4byte	.LASF47
 974 02e4 15       		.byte	0x15
 975 02e5 18       		.byte	0x18
 976 02e6 14       		.uleb128 0x14
 977 02e7 B8000000 		.4byte	0xb8
 978 02eb 00       		.byte	0
 979 02ec 00       		.byte	0
 980              		.section	.debug_abbrev,"",%progbits
 981              	.Ldebug_abbrev0:
 982 0000 01       		.uleb128 0x1
 983 0001 11       		.uleb128 0x11
 984 0002 01       		.byte	0x1
 985 0003 25       		.uleb128 0x25
 986 0004 0E       		.uleb128 0xe
 987 0005 13       		.uleb128 0x13
 988 0006 0B       		.uleb128 0xb
 989 0007 03       		.uleb128 0x3
 990 0008 0E       		.uleb128 0xe
 991 0009 1B       		.uleb128 0x1b
 992 000a 0E       		.uleb128 0xe
 993 000b 55       		.uleb128 0x55
 994 000c 17       		.uleb128 0x17
 995 000d 11       		.uleb128 0x11
 996 000e 01       		.uleb128 0x1
 997 000f 10       		.uleb128 0x10
 998 0010 17       		.uleb128 0x17
 999 0011 00       		.byte	0
 1000 0012 00       		.byte	0
 1001 0013 02       		.uleb128 0x2
 1002 0014 24       		.uleb128 0x24
 1003 0015 00       		.byte	0
 1004 0016 0B       		.uleb128 0xb
 1005 0017 0B       		.uleb128 0xb
 1006 0018 3E       		.uleb128 0x3e
 1007 0019 0B       		.uleb128 0xb
 1008 001a 03       		.uleb128 0x3
 1009 001b 0E       		.uleb128 0xe
 1010 001c 00       		.byte	0
 1011 001d 00       		.byte	0
 1012 001e 03       		.uleb128 0x3
 1013 001f 16       		.uleb128 0x16
 1014 0020 00       		.byte	0
 1015 0021 03       		.uleb128 0x3
 1016 0022 0E       		.uleb128 0xe
 1017 0023 3A       		.uleb128 0x3a
 1018 0024 0B       		.uleb128 0xb
 1019 0025 3B       		.uleb128 0x3b
 1020 0026 0B       		.uleb128 0xb
 1021 0027 49       		.uleb128 0x49
 1022 0028 13       		.uleb128 0x13
 1023 0029 00       		.byte	0
 1024 002a 00       		.byte	0
 1025 002b 04       		.uleb128 0x4
 1026 002c 24       		.uleb128 0x24
ARM GAS  C:\Users\floof\AppData\Local\Temp\ccjhebsl.s 			page 21


 1027 002d 00       		.byte	0
 1028 002e 0B       		.uleb128 0xb
 1029 002f 0B       		.uleb128 0xb
 1030 0030 3E       		.uleb128 0x3e
 1031 0031 0B       		.uleb128 0xb
 1032 0032 03       		.uleb128 0x3
 1033 0033 08       		.uleb128 0x8
 1034 0034 00       		.byte	0
 1035 0035 00       		.byte	0
 1036 0036 05       		.uleb128 0x5
 1037 0037 16       		.uleb128 0x16
 1038 0038 00       		.byte	0
 1039 0039 03       		.uleb128 0x3
 1040 003a 0E       		.uleb128 0xe
 1041 003b 3A       		.uleb128 0x3a
 1042 003c 0B       		.uleb128 0xb
 1043 003d 3B       		.uleb128 0x3b
 1044 003e 05       		.uleb128 0x5
 1045 003f 49       		.uleb128 0x49
 1046 0040 13       		.uleb128 0x13
 1047 0041 00       		.byte	0
 1048 0042 00       		.byte	0
 1049 0043 06       		.uleb128 0x6
 1050 0044 0F       		.uleb128 0xf
 1051 0045 00       		.byte	0
 1052 0046 0B       		.uleb128 0xb
 1053 0047 0B       		.uleb128 0xb
 1054 0048 49       		.uleb128 0x49
 1055 0049 13       		.uleb128 0x13
 1056 004a 00       		.byte	0
 1057 004b 00       		.byte	0
 1058 004c 07       		.uleb128 0x7
 1059 004d 15       		.uleb128 0x15
 1060 004e 00       		.byte	0
 1061 004f 27       		.uleb128 0x27
 1062 0050 19       		.uleb128 0x19
 1063 0051 00       		.byte	0
 1064 0052 00       		.byte	0
 1065 0053 08       		.uleb128 0x8
 1066 0054 2E       		.uleb128 0x2e
 1067 0055 01       		.byte	0x1
 1068 0056 3F       		.uleb128 0x3f
 1069 0057 19       		.uleb128 0x19
 1070 0058 03       		.uleb128 0x3
 1071 0059 0E       		.uleb128 0xe
 1072 005a 3A       		.uleb128 0x3a
 1073 005b 0B       		.uleb128 0xb
 1074 005c 3B       		.uleb128 0x3b
 1075 005d 0B       		.uleb128 0xb
 1076 005e 27       		.uleb128 0x27
 1077 005f 19       		.uleb128 0x19
 1078 0060 11       		.uleb128 0x11
 1079 0061 01       		.uleb128 0x1
 1080 0062 12       		.uleb128 0x12
 1081 0063 06       		.uleb128 0x6
 1082 0064 40       		.uleb128 0x40
 1083 0065 18       		.uleb128 0x18
ARM GAS  C:\Users\floof\AppData\Local\Temp\ccjhebsl.s 			page 22


 1084 0066 9642     		.uleb128 0x2116
 1085 0068 19       		.uleb128 0x19
 1086 0069 01       		.uleb128 0x1
 1087 006a 13       		.uleb128 0x13
 1088 006b 00       		.byte	0
 1089 006c 00       		.byte	0
 1090 006d 09       		.uleb128 0x9
 1091 006e 898201   		.uleb128 0x4109
 1092 0071 00       		.byte	0
 1093 0072 11       		.uleb128 0x11
 1094 0073 01       		.uleb128 0x1
 1095 0074 31       		.uleb128 0x31
 1096 0075 13       		.uleb128 0x13
 1097 0076 00       		.byte	0
 1098 0077 00       		.byte	0
 1099 0078 0A       		.uleb128 0xa
 1100 0079 2E       		.uleb128 0x2e
 1101 007a 01       		.byte	0x1
 1102 007b 3F       		.uleb128 0x3f
 1103 007c 19       		.uleb128 0x19
 1104 007d 03       		.uleb128 0x3
 1105 007e 0E       		.uleb128 0xe
 1106 007f 3A       		.uleb128 0x3a
 1107 0080 0B       		.uleb128 0xb
 1108 0081 3B       		.uleb128 0x3b
 1109 0082 0B       		.uleb128 0xb
 1110 0083 49       		.uleb128 0x49
 1111 0084 13       		.uleb128 0x13
 1112 0085 11       		.uleb128 0x11
 1113 0086 01       		.uleb128 0x1
 1114 0087 12       		.uleb128 0x12
 1115 0088 06       		.uleb128 0x6
 1116 0089 40       		.uleb128 0x40
 1117 008a 18       		.uleb128 0x18
 1118 008b 9742     		.uleb128 0x2117
 1119 008d 19       		.uleb128 0x19
 1120 008e 01       		.uleb128 0x1
 1121 008f 13       		.uleb128 0x13
 1122 0090 00       		.byte	0
 1123 0091 00       		.byte	0
 1124 0092 0B       		.uleb128 0xb
 1125 0093 898201   		.uleb128 0x4109
 1126 0096 01       		.byte	0x1
 1127 0097 11       		.uleb128 0x11
 1128 0098 01       		.uleb128 0x1
 1129 0099 31       		.uleb128 0x31
 1130 009a 13       		.uleb128 0x13
 1131 009b 00       		.byte	0
 1132 009c 00       		.byte	0
 1133 009d 0C       		.uleb128 0xc
 1134 009e 8A8201   		.uleb128 0x410a
 1135 00a1 00       		.byte	0
 1136 00a2 02       		.uleb128 0x2
 1137 00a3 18       		.uleb128 0x18
 1138 00a4 9142     		.uleb128 0x2111
 1139 00a6 18       		.uleb128 0x18
 1140 00a7 00       		.byte	0
ARM GAS  C:\Users\floof\AppData\Local\Temp\ccjhebsl.s 			page 23


 1141 00a8 00       		.byte	0
 1142 00a9 0D       		.uleb128 0xd
 1143 00aa 34       		.uleb128 0x34
 1144 00ab 00       		.byte	0
 1145 00ac 03       		.uleb128 0x3
 1146 00ad 0E       		.uleb128 0xe
 1147 00ae 3A       		.uleb128 0x3a
 1148 00af 0B       		.uleb128 0xb
 1149 00b0 3B       		.uleb128 0x3b
 1150 00b1 05       		.uleb128 0x5
 1151 00b2 49       		.uleb128 0x49
 1152 00b3 13       		.uleb128 0x13
 1153 00b4 3F       		.uleb128 0x3f
 1154 00b5 19       		.uleb128 0x19
 1155 00b6 3C       		.uleb128 0x3c
 1156 00b7 19       		.uleb128 0x19
 1157 00b8 00       		.byte	0
 1158 00b9 00       		.byte	0
 1159 00ba 0E       		.uleb128 0xe
 1160 00bb 35       		.uleb128 0x35
 1161 00bc 00       		.byte	0
 1162 00bd 49       		.uleb128 0x49
 1163 00be 13       		.uleb128 0x13
 1164 00bf 00       		.byte	0
 1165 00c0 00       		.byte	0
 1166 00c1 0F       		.uleb128 0xf
 1167 00c2 34       		.uleb128 0x34
 1168 00c3 00       		.byte	0
 1169 00c4 03       		.uleb128 0x3
 1170 00c5 0E       		.uleb128 0xe
 1171 00c6 3A       		.uleb128 0x3a
 1172 00c7 0B       		.uleb128 0xb
 1173 00c8 3B       		.uleb128 0x3b
 1174 00c9 0B       		.uleb128 0xb
 1175 00ca 49       		.uleb128 0x49
 1176 00cb 13       		.uleb128 0x13
 1177 00cc 3F       		.uleb128 0x3f
 1178 00cd 19       		.uleb128 0x19
 1179 00ce 02       		.uleb128 0x2
 1180 00cf 18       		.uleb128 0x18
 1181 00d0 00       		.byte	0
 1182 00d1 00       		.byte	0
 1183 00d2 10       		.uleb128 0x10
 1184 00d3 01       		.uleb128 0x1
 1185 00d4 01       		.byte	0x1
 1186 00d5 49       		.uleb128 0x49
 1187 00d6 13       		.uleb128 0x13
 1188 00d7 01       		.uleb128 0x1
 1189 00d8 13       		.uleb128 0x13
 1190 00d9 00       		.byte	0
 1191 00da 00       		.byte	0
 1192 00db 11       		.uleb128 0x11
 1193 00dc 21       		.uleb128 0x21
 1194 00dd 00       		.byte	0
 1195 00de 49       		.uleb128 0x49
 1196 00df 13       		.uleb128 0x13
 1197 00e0 2F       		.uleb128 0x2f
ARM GAS  C:\Users\floof\AppData\Local\Temp\ccjhebsl.s 			page 24


 1198 00e1 0B       		.uleb128 0xb
 1199 00e2 00       		.byte	0
 1200 00e3 00       		.byte	0
 1201 00e4 12       		.uleb128 0x12
 1202 00e5 2E       		.uleb128 0x2e
 1203 00e6 00       		.byte	0
 1204 00e7 3F       		.uleb128 0x3f
 1205 00e8 19       		.uleb128 0x19
 1206 00e9 03       		.uleb128 0x3
 1207 00ea 0E       		.uleb128 0xe
 1208 00eb 3A       		.uleb128 0x3a
 1209 00ec 0B       		.uleb128 0xb
 1210 00ed 3B       		.uleb128 0x3b
 1211 00ee 0B       		.uleb128 0xb
 1212 00ef 27       		.uleb128 0x27
 1213 00f0 19       		.uleb128 0x19
 1214 00f1 49       		.uleb128 0x49
 1215 00f2 13       		.uleb128 0x13
 1216 00f3 3C       		.uleb128 0x3c
 1217 00f4 19       		.uleb128 0x19
 1218 00f5 00       		.byte	0
 1219 00f6 00       		.byte	0
 1220 00f7 13       		.uleb128 0x13
 1221 00f8 2E       		.uleb128 0x2e
 1222 00f9 01       		.byte	0x1
 1223 00fa 3F       		.uleb128 0x3f
 1224 00fb 19       		.uleb128 0x19
 1225 00fc 03       		.uleb128 0x3
 1226 00fd 0E       		.uleb128 0xe
 1227 00fe 3A       		.uleb128 0x3a
 1228 00ff 0B       		.uleb128 0xb
 1229 0100 3B       		.uleb128 0x3b
 1230 0101 05       		.uleb128 0x5
 1231 0102 27       		.uleb128 0x27
 1232 0103 19       		.uleb128 0x19
 1233 0104 49       		.uleb128 0x49
 1234 0105 13       		.uleb128 0x13
 1235 0106 3C       		.uleb128 0x3c
 1236 0107 19       		.uleb128 0x19
 1237 0108 01       		.uleb128 0x1
 1238 0109 13       		.uleb128 0x13
 1239 010a 00       		.byte	0
 1240 010b 00       		.byte	0
 1241 010c 14       		.uleb128 0x14
 1242 010d 05       		.uleb128 0x5
 1243 010e 00       		.byte	0
 1244 010f 49       		.uleb128 0x49
 1245 0110 13       		.uleb128 0x13
 1246 0111 00       		.byte	0
 1247 0112 00       		.byte	0
 1248 0113 15       		.uleb128 0x15
 1249 0114 2E       		.uleb128 0x2e
 1250 0115 01       		.byte	0x1
 1251 0116 3F       		.uleb128 0x3f
 1252 0117 19       		.uleb128 0x19
 1253 0118 03       		.uleb128 0x3
 1254 0119 0E       		.uleb128 0xe
ARM GAS  C:\Users\floof\AppData\Local\Temp\ccjhebsl.s 			page 25


 1255 011a 3A       		.uleb128 0x3a
 1256 011b 0B       		.uleb128 0xb
 1257 011c 3B       		.uleb128 0x3b
 1258 011d 0B       		.uleb128 0xb
 1259 011e 27       		.uleb128 0x27
 1260 011f 19       		.uleb128 0x19
 1261 0120 3C       		.uleb128 0x3c
 1262 0121 19       		.uleb128 0x19
 1263 0122 01       		.uleb128 0x1
 1264 0123 13       		.uleb128 0x13
 1265 0124 00       		.byte	0
 1266 0125 00       		.byte	0
 1267 0126 16       		.uleb128 0x16
 1268 0127 2E       		.uleb128 0x2e
 1269 0128 00       		.byte	0
 1270 0129 3F       		.uleb128 0x3f
 1271 012a 19       		.uleb128 0x19
 1272 012b 03       		.uleb128 0x3
 1273 012c 0E       		.uleb128 0xe
 1274 012d 3A       		.uleb128 0x3a
 1275 012e 0B       		.uleb128 0xb
 1276 012f 3B       		.uleb128 0x3b
 1277 0130 0B       		.uleb128 0xb
 1278 0131 27       		.uleb128 0x27
 1279 0132 19       		.uleb128 0x19
 1280 0133 3C       		.uleb128 0x3c
 1281 0134 19       		.uleb128 0x19
 1282 0135 00       		.byte	0
 1283 0136 00       		.byte	0
 1284 0137 17       		.uleb128 0x17
 1285 0138 2E       		.uleb128 0x2e
 1286 0139 01       		.byte	0x1
 1287 013a 3F       		.uleb128 0x3f
 1288 013b 19       		.uleb128 0x19
 1289 013c 03       		.uleb128 0x3
 1290 013d 0E       		.uleb128 0xe
 1291 013e 3A       		.uleb128 0x3a
 1292 013f 0B       		.uleb128 0xb
 1293 0140 3B       		.uleb128 0x3b
 1294 0141 0B       		.uleb128 0xb
 1295 0142 27       		.uleb128 0x27
 1296 0143 19       		.uleb128 0x19
 1297 0144 3C       		.uleb128 0x3c
 1298 0145 19       		.uleb128 0x19
 1299 0146 00       		.byte	0
 1300 0147 00       		.byte	0
 1301 0148 00       		.byte	0
 1302              		.section	.debug_aranges,"",%progbits
 1303 0000 24000000 		.4byte	0x24
 1304 0004 0200     		.2byte	0x2
 1305 0006 00000000 		.4byte	.Ldebug_info0
 1306 000a 04       		.byte	0x4
 1307 000b 00       		.byte	0
 1308 000c 0000     		.2byte	0
 1309 000e 0000     		.2byte	0
 1310 0010 00000000 		.4byte	.LFB64
 1311 0014 C0030000 		.4byte	.LFE64-.LFB64
ARM GAS  C:\Users\floof\AppData\Local\Temp\ccjhebsl.s 			page 26


 1312 0018 00000000 		.4byte	.LFB63
 1313 001c 20000000 		.4byte	.LFE63-.LFB63
 1314 0020 00000000 		.4byte	0
 1315 0024 00000000 		.4byte	0
 1316              		.section	.debug_ranges,"",%progbits
 1317              	.Ldebug_ranges0:
 1318 0000 00000000 		.4byte	.LFB64
 1319 0004 C0030000 		.4byte	.LFE64
 1320 0008 00000000 		.4byte	.LFB63
 1321 000c 20000000 		.4byte	.LFE63
 1322 0010 00000000 		.4byte	0
 1323 0014 00000000 		.4byte	0
 1324              		.section	.debug_line,"",%progbits
 1325              	.Ldebug_line0:
 1326 0000 2C020000 		.section	.debug_str,"MS",%progbits,1
 1326      0200CC01 
 1326      00000201 
 1326      FB0E0D00 
 1326      01010101 
 1327              	.LASF4:
 1328 0000 5F5F7569 		.ascii	"__uint8_t\000"
 1328      6E74385F 
 1328      7400
 1329              	.LASF31:
 1330 000a 44535F52 		.ascii	"DS_Read\000"
 1330      65616400 
 1331              	.LASF5:
 1332 0012 5F5F696E 		.ascii	"__int32_t\000"
 1332      7433325F 
 1332      7400
 1333              	.LASF23:
 1334 001c 74686574 		.ascii	"theta\000"
 1334      6100
 1335              	.LASF43:
 1336 0022 433A5C55 		.ascii	"C:\\Users\\floof\\Documents\\PSoC Creator\\electron"
 1336      73657273 
 1336      5C666C6F 
 1336      6F665C44 
 1336      6F63756D 
 1337 0050 6963735C 		.ascii	"ics\\Design01.cydsn\000"
 1337      44657369 
 1337      676E3031 
 1337      2E637964 
 1337      736E00
 1338              	.LASF15:
 1339 0063 646F7562 		.ascii	"double\000"
 1339      6C6500
 1340              	.LASF35:
 1341 006a 475F5265 		.ascii	"G_Read\000"
 1341      616400
 1342              	.LASF24:
 1343 0071 44616343 		.ascii	"DacCode\000"
 1343      6F646500 
 1344              	.LASF30:
 1345 0079 445F5265 		.ascii	"D_Read\000"
 1345      616400
 1346              	.LASF14:
ARM GAS  C:\Users\floof\AppData\Local\Temp\ccjhebsl.s 			page 27


 1347 0080 666C6F61 		.ascii	"float\000"
 1347      7400
 1348              	.LASF34:
 1349 0086 46535F52 		.ascii	"FS_Read\000"
 1349      65616400 
 1350              	.LASF1:
 1351 008e 756E7369 		.ascii	"unsigned char\000"
 1351      676E6564 
 1351      20636861 
 1351      7200
 1352              	.LASF37:
 1353 009c 415F5265 		.ascii	"A_Read\000"
 1353      616400
 1354              	.LASF42:
 1355 00a3 2E5C6D61 		.ascii	".\\main.c\000"
 1355      696E2E63 
 1355      00
 1356              	.LASF36:
 1357 00ac 47535F52 		.ascii	"GS_Read\000"
 1357      65616400 
 1358              	.LASF20:
 1359 00b4 44616353 		.ascii	"DacSet\000"
 1359      657400
 1360              	.LASF3:
 1361 00bb 73686F72 		.ascii	"short unsigned int\000"
 1361      7420756E 
 1361      7369676E 
 1361      65642069 
 1361      6E7400
 1362              	.LASF22:
 1363 00ce 49544D5F 		.ascii	"ITM_RxBuffer\000"
 1363      52784275 
 1363      66666572 
 1363      00
 1364              	.LASF46:
 1365 00db 56444143 		.ascii	"VDAC8_1_Start\000"
 1365      385F315F 
 1365      53746172 
 1365      7400
 1366              	.LASF7:
 1367 00e9 6C6F6E67 		.ascii	"long unsigned int\000"
 1367      20756E73 
 1367      69676E65 
 1367      6420696E 
 1367      7400
 1368              	.LASF21:
 1369 00fb 6D61696E 		.ascii	"main\000"
 1369      00
 1370              	.LASF27:
 1371 0100 66726571 		.ascii	"frequencies\000"
 1371      75656E63 
 1371      69657300 
 1372              	.LASF25:
 1373 010c 456E6162 		.ascii	"EnableOutput\000"
 1373      6C654F75 
 1373      74707574 
 1373      00
ARM GAS  C:\Users\floof\AppData\Local\Temp\ccjhebsl.s 			page 28


 1374              	.LASF41:
 1375 0119 474E5520 		.ascii	"GNU C 4.9.3 20150303 (release) [ARM/embedded-4_9-br"
 1375      4320342E 
 1375      392E3320 
 1375      32303135 
 1375      30333033 
 1376 014c 616E6368 		.ascii	"anch revision 221220] -mcpu=cortex-m3 -mthumb -g -O"
 1376      20726576 
 1376      6973696F 
 1376      6E203232 
 1376      31323230 
 1377 017f 67202D66 		.ascii	"g -ffunction-sections -ffat-lto-objects\000"
 1377      66756E63 
 1377      74696F6E 
 1377      2D736563 
 1377      74696F6E 
 1378              	.LASF39:
 1379 01a7 425F5265 		.ascii	"B_Read\000"
 1379      616400
 1380              	.LASF10:
 1381 01ae 756E7369 		.ascii	"unsigned int\000"
 1381      676E6564 
 1381      20696E74 
 1381      00
 1382              	.LASF9:
 1383 01bb 6C6F6E67 		.ascii	"long long unsigned int\000"
 1383      206C6F6E 
 1383      6720756E 
 1383      7369676E 
 1383      65642069 
 1384              	.LASF11:
 1385 01d2 75696E74 		.ascii	"uint8_t\000"
 1385      385F7400 
 1386              	.LASF45:
 1387 01da 56444143 		.ascii	"VDAC8_1_SetValue\000"
 1387      385F315F 
 1387      53657456 
 1387      616C7565 
 1387      00
 1388              	.LASF17:
 1389 01eb 63796973 		.ascii	"cyisraddress\000"
 1389      72616464 
 1389      72657373 
 1389      00
 1390              	.LASF40:
 1391 01f8 55435F52 		.ascii	"UC_Read\000"
 1391      65616400 
 1392              	.LASF12:
 1393 0200 696E7433 		.ascii	"int32_t\000"
 1393      325F7400 
 1394              	.LASF18:
 1395 0208 73697A65 		.ascii	"sizetype\000"
 1395      74797065 
 1395      00
 1396              	.LASF32:
 1397 0211 455F5265 		.ascii	"E_Read\000"
 1397      616400
ARM GAS  C:\Users\floof\AppData\Local\Temp\ccjhebsl.s 			page 29


 1398              	.LASF8:
 1399 0218 6C6F6E67 		.ascii	"long long int\000"
 1399      206C6F6E 
 1399      6720696E 
 1399      7400
 1400              	.LASF16:
 1401 0226 63686172 		.ascii	"char\000"
 1401      00
 1402              	.LASF38:
 1403 022b 41535F52 		.ascii	"AS_Read\000"
 1403      65616400 
 1404              	.LASF2:
 1405 0233 73686F72 		.ascii	"short int\000"
 1405      7420696E 
 1405      7400
 1406              	.LASF13:
 1407 023d 75696E74 		.ascii	"uint8\000"
 1407      3800
 1408              	.LASF33:
 1409 0243 465F5265 		.ascii	"F_Read\000"
 1409      616400
 1410              	.LASF26:
 1411 024a 5570446F 		.ascii	"UpDown\000"
 1411      776E00
 1412              	.LASF6:
 1413 0251 6C6F6E67 		.ascii	"long int\000"
 1413      20696E74 
 1413      00
 1414              	.LASF19:
 1415 025a 6C6F6E67 		.ascii	"long double\000"
 1415      20646F75 
 1415      626C6500 
 1416              	.LASF28:
 1417 0266 435F5265 		.ascii	"C_Read\000"
 1417      616400
 1418              	.LASF0:
 1419 026d 7369676E 		.ascii	"signed char\000"
 1419      65642063 
 1419      68617200 
 1420              	.LASF47:
 1421 0279 6973725F 		.ascii	"isr_1_StartEx\000"
 1421      315F5374 
 1421      61727445 
 1421      7800
 1422              	.LASF29:
 1423 0287 43535F52 		.ascii	"CS_Read\000"
 1423      65616400 
 1424              	.LASF44:
 1425 028f 73696E66 		.ascii	"sinf\000"
 1425      00
 1426              		.ident	"GCC: (GNU Tools for ARM Embedded Processors) 4.9.3 20150303 (release) [ARM/embedded-4_9-br
