ARM GAS  C:\Users\floof\AppData\Local\Temp\ccBnDloH.s 			page 1


   1              		.syntax unified
   2              		.cpu cortex-m3
   3              		.fpu softvfp
   4              		.eabi_attribute 20, 1
   5              		.eabi_attribute 21, 1
   6              		.eabi_attribute 23, 3
   7              		.eabi_attribute 24, 1
   8              		.eabi_attribute 25, 1
   9              		.eabi_attribute 26, 1
  10              		.eabi_attribute 30, 1
  11              		.eabi_attribute 34, 1
  12              		.eabi_attribute 18, 4
  13              		.thumb
  14              		.file	"USBUART_1_descr.c"
  15              		.text
  16              	.Ltext0:
  17              		.cfi_sections	.debug_frame
  18              		.comm	USBUART_1_idSerialNumberStringDescriptor,34,4
  19              		.global	USBUART_1_TABLE
  20              		.global	USBUART_1_DEVICE0_TABLE
  21              		.global	USBUART_1_DEVICE0_CONFIGURATION0_TABLE
  22              		.global	USBUART_1_DEVICE0_CONFIGURATION0_INTERFACE_CLASS
  23              		.global	USBUART_1_DEVICE0_CONFIGURATION0_EP_SETTINGS_TABLE
  24              		.global	USBUART_1_SN_STRING_DESCRIPTOR
  25              		.global	USBUART_1_STRING_DESCRIPTORS
  26              		.global	USBUART_1_DEVICE0_CONFIGURATION0_DESCR
  27              		.global	USBUART_1_DEVICE0_DESCR
  28              		.section	.rodata
  29              		.align	2
  30              		.type	USBUART_1_TABLE, %object
  31              		.size	USBUART_1_TABLE, 8
  32              	USBUART_1_TABLE:
  33 0000 01       		.byte	1
  34 0001 000000   		.space	3
  35 0004 00000000 		.word	USBUART_1_DEVICE0_TABLE
  36              		.type	USBUART_1_DEVICE0_TABLE, %object
  37              		.size	USBUART_1_DEVICE0_TABLE, 24
  38              	USBUART_1_DEVICE0_TABLE:
  39 0008 01       		.byte	1
  40 0009 000000   		.space	3
  41 000c 00000000 		.word	USBUART_1_DEVICE0_DESCR
  42 0010 00       		.byte	0
  43 0011 000000   		.space	3
  44 0014 00000000 		.word	0
  45 0018 01       		.byte	1
  46 0019 000000   		.space	3
  47 001c 00000000 		.word	USBUART_1_DEVICE0_CONFIGURATION0_TABLE
  48              		.type	USBUART_1_DEVICE0_CONFIGURATION0_TABLE, %object
  49              		.size	USBUART_1_DEVICE0_CONFIGURATION0_TABLE, 40
  50              	USBUART_1_DEVICE0_CONFIGURATION0_TABLE:
  51 0020 01       		.byte	1
  52 0021 000000   		.space	3
  53 0024 00000000 		.word	USBUART_1_DEVICE0_CONFIGURATION0_DESCR
  54 0028 03       		.byte	3
  55 0029 000000   		.space	3
  56 002c 00000000 		.word	USBUART_1_DEVICE0_CONFIGURATION0_EP_SETTINGS_TABLE
  57 0030 00       		.byte	0
ARM GAS  C:\Users\floof\AppData\Local\Temp\ccBnDloH.s 			page 2


  58 0031 000000   		.space	3
  59 0034 00000000 		.word	0
  60 0038 00       		.byte	0
  61 0039 000000   		.space	3
  62 003c 00000000 		.word	0
  63 0040 00       		.byte	0
  64 0041 000000   		.space	3
  65 0044 00000000 		.word	USBUART_1_DEVICE0_CONFIGURATION0_INTERFACE_CLASS
  66              		.type	USBUART_1_DEVICE0_CONFIGURATION0_INTERFACE_CLASS, %object
  67              		.size	USBUART_1_DEVICE0_CONFIGURATION0_INTERFACE_CLASS, 2
  68              	USBUART_1_DEVICE0_CONFIGURATION0_INTERFACE_CLASS:
  69 0048 02       		.byte	2
  70 0049 0A       		.byte	10
  71 004a 0000     		.space	2
  72              		.type	USBUART_1_DEVICE0_CONFIGURATION0_EP_SETTINGS_TABLE, %object
  73              		.size	USBUART_1_DEVICE0_CONFIGURATION0_EP_SETTINGS_TABLE, 24
  74              	USBUART_1_DEVICE0_CONFIGURATION0_EP_SETTINGS_TABLE:
  75 004c 00       		.byte	0
  76 004d 00       		.byte	0
  77 004e 81       		.byte	-127
  78 004f 03       		.byte	3
  79 0050 0800     		.short	8
  80 0052 02       		.byte	2
  81 0053 00       		.space	1
  82 0054 01       		.byte	1
  83 0055 00       		.byte	0
  84 0056 82       		.byte	-126
  85 0057 02       		.byte	2
  86 0058 4000     		.short	64
  87 005a 0A       		.byte	10
  88 005b 00       		.space	1
  89 005c 01       		.byte	1
  90 005d 00       		.byte	0
  91 005e 03       		.byte	3
  92 005f 02       		.byte	2
  93 0060 4000     		.short	64
  94 0062 0A       		.byte	10
  95 0063 00       		.space	1
  96              		.type	USBUART_1_SN_STRING_DESCRIPTOR, %object
  97              		.size	USBUART_1_SN_STRING_DESCRIPTOR, 2
  98              	USBUART_1_SN_STRING_DESCRIPTOR:
  99 0064 02       		.byte	2
 100 0065 03       		.byte	3
 101 0066 0000     		.space	2
 102              		.type	USBUART_1_STRING_DESCRIPTORS, %object
 103              		.size	USBUART_1_STRING_DESCRIPTORS, 125
 104              	USBUART_1_STRING_DESCRIPTORS:
 105 0068 04       		.byte	4
 106 0069 03       		.byte	3
 107 006a 09       		.byte	9
 108 006b 04       		.byte	4
 109 006c 0A       		.byte	10
 110 006d 03       		.byte	3
 111 006e 6D       		.byte	109
 112 006f 00       		.byte	0
 113 0070 65       		.byte	101
 114 0071 00       		.byte	0
ARM GAS  C:\Users\floof\AppData\Local\Temp\ccBnDloH.s 			page 3


 115 0072 6F       		.byte	111
 116 0073 00       		.byte	0
 117 0074 77       		.byte	119
 118 0075 00       		.byte	0
 119 0076 10       		.byte	16
 120 0077 03       		.byte	3
 121 0078 55       		.byte	85
 122 0079 00       		.byte	0
 123 007a 53       		.byte	83
 124 007b 00       		.byte	0
 125 007c 42       		.byte	66
 126 007d 00       		.byte	0
 127 007e 55       		.byte	85
 128 007f 00       		.byte	0
 129 0080 41       		.byte	65
 130 0081 00       		.byte	0
 131 0082 52       		.byte	82
 132 0083 00       		.byte	0
 133 0084 54       		.byte	84
 134 0085 00       		.byte	0
 135 0086 38       		.byte	56
 136 0087 03       		.byte	3
 137 0088 43       		.byte	67
 138 0089 00       		.byte	0
 139 008a 44       		.byte	68
 140 008b 00       		.byte	0
 141 008c 43       		.byte	67
 142 008d 00       		.byte	0
 143 008e 20       		.byte	32
 144 008f 00       		.byte	0
 145 0090 43       		.byte	67
 146 0091 00       		.byte	0
 147 0092 6F       		.byte	111
 148 0093 00       		.byte	0
 149 0094 6D       		.byte	109
 150 0095 00       		.byte	0
 151 0096 6D       		.byte	109
 152 0097 00       		.byte	0
 153 0098 75       		.byte	117
 154 0099 00       		.byte	0
 155 009a 6E       		.byte	110
 156 009b 00       		.byte	0
 157 009c 69       		.byte	105
 158 009d 00       		.byte	0
 159 009e 63       		.byte	99
 160 009f 00       		.byte	0
 161 00a0 61       		.byte	97
 162 00a1 00       		.byte	0
 163 00a2 74       		.byte	116
 164 00a3 00       		.byte	0
 165 00a4 69       		.byte	105
 166 00a5 00       		.byte	0
 167 00a6 6F       		.byte	111
 168 00a7 00       		.byte	0
 169 00a8 6E       		.byte	110
 170 00a9 00       		.byte	0
 171 00aa 20       		.byte	32
ARM GAS  C:\Users\floof\AppData\Local\Temp\ccBnDloH.s 			page 4


 172 00ab 00       		.byte	0
 173 00ac 49       		.byte	73
 174 00ad 00       		.byte	0
 175 00ae 6E       		.byte	110
 176 00af 00       		.byte	0
 177 00b0 74       		.byte	116
 178 00b1 00       		.byte	0
 179 00b2 65       		.byte	101
 180 00b3 00       		.byte	0
 181 00b4 72       		.byte	114
 182 00b5 00       		.byte	0
 183 00b6 66       		.byte	102
 184 00b7 00       		.byte	0
 185 00b8 61       		.byte	97
 186 00b9 00       		.byte	0
 187 00ba 63       		.byte	99
 188 00bb 00       		.byte	0
 189 00bc 65       		.byte	101
 190 00bd 00       		.byte	0
 191 00be 26       		.byte	38
 192 00bf 03       		.byte	3
 193 00c0 43       		.byte	67
 194 00c1 00       		.byte	0
 195 00c2 44       		.byte	68
 196 00c3 00       		.byte	0
 197 00c4 43       		.byte	67
 198 00c5 00       		.byte	0
 199 00c6 20       		.byte	32
 200 00c7 00       		.byte	0
 201 00c8 44       		.byte	68
 202 00c9 00       		.byte	0
 203 00ca 61       		.byte	97
 204 00cb 00       		.byte	0
 205 00cc 74       		.byte	116
 206 00cd 00       		.byte	0
 207 00ce 61       		.byte	97
 208 00cf 00       		.byte	0
 209 00d0 20       		.byte	32
 210 00d1 00       		.byte	0
 211 00d2 49       		.byte	73
 212 00d3 00       		.byte	0
 213 00d4 6E       		.byte	110
 214 00d5 00       		.byte	0
 215 00d6 74       		.byte	116
 216 00d7 00       		.byte	0
 217 00d8 65       		.byte	101
 218 00d9 00       		.byte	0
 219 00da 72       		.byte	114
 220 00db 00       		.byte	0
 221 00dc 66       		.byte	102
 222 00dd 00       		.byte	0
 223 00de 61       		.byte	97
 224 00df 00       		.byte	0
 225 00e0 63       		.byte	99
 226 00e1 00       		.byte	0
 227 00e2 65       		.byte	101
 228 00e3 00       		.byte	0
ARM GAS  C:\Users\floof\AppData\Local\Temp\ccBnDloH.s 			page 5


 229 00e4 00       		.byte	0
 230 00e5 000000   		.space	3
 231              		.type	USBUART_1_DEVICE0_CONFIGURATION0_DESCR, %object
 232              		.size	USBUART_1_DEVICE0_CONFIGURATION0_DESCR, 67
 233              	USBUART_1_DEVICE0_CONFIGURATION0_DESCR:
 234 00e8 09       		.byte	9
 235 00e9 02       		.byte	2
 236 00ea 43       		.byte	67
 237 00eb 00       		.byte	0
 238 00ec 02       		.byte	2
 239 00ed 01       		.byte	1
 240 00ee 01       		.byte	1
 241 00ef 80       		.byte	-128
 242 00f0 32       		.byte	50
 243 00f1 09       		.byte	9
 244 00f2 04       		.byte	4
 245 00f3 00       		.byte	0
 246 00f4 00       		.byte	0
 247 00f5 01       		.byte	1
 248 00f6 02       		.byte	2
 249 00f7 02       		.byte	2
 250 00f8 01       		.byte	1
 251 00f9 03       		.byte	3
 252 00fa 05       		.byte	5
 253 00fb 24       		.byte	36
 254 00fc 00       		.byte	0
 255 00fd 10       		.byte	16
 256 00fe 01       		.byte	1
 257 00ff 04       		.byte	4
 258 0100 24       		.byte	36
 259 0101 02       		.byte	2
 260 0102 02       		.byte	2
 261 0103 05       		.byte	5
 262 0104 24       		.byte	36
 263 0105 06       		.byte	6
 264 0106 00       		.byte	0
 265 0107 01       		.byte	1
 266 0108 05       		.byte	5
 267 0109 24       		.byte	36
 268 010a 01       		.byte	1
 269 010b 00       		.byte	0
 270 010c 01       		.byte	1
 271 010d 07       		.byte	7
 272 010e 05       		.byte	5
 273 010f 81       		.byte	-127
 274 0110 03       		.byte	3
 275 0111 08       		.byte	8
 276 0112 00       		.byte	0
 277 0113 0A       		.byte	10
 278 0114 09       		.byte	9
 279 0115 04       		.byte	4
 280 0116 01       		.byte	1
 281 0117 00       		.byte	0
 282 0118 02       		.byte	2
 283 0119 0A       		.byte	10
 284 011a 00       		.byte	0
 285 011b 00       		.byte	0
ARM GAS  C:\Users\floof\AppData\Local\Temp\ccBnDloH.s 			page 6


 286 011c 04       		.byte	4
 287 011d 07       		.byte	7
 288 011e 05       		.byte	5
 289 011f 82       		.byte	-126
 290 0120 02       		.byte	2
 291 0121 40       		.byte	64
 292 0122 00       		.byte	0
 293 0123 00       		.byte	0
 294 0124 07       		.byte	7
 295 0125 05       		.byte	5
 296 0126 03       		.byte	3
 297 0127 02       		.byte	2
 298 0128 40       		.byte	64
 299 0129 00       		.byte	0
 300 012a 00       		.byte	0
 301 012b 00       		.space	1
 302              		.type	USBUART_1_DEVICE0_DESCR, %object
 303              		.size	USBUART_1_DEVICE0_DESCR, 18
 304              	USBUART_1_DEVICE0_DESCR:
 305 012c 12       		.byte	18
 306 012d 01       		.byte	1
 307 012e 00       		.byte	0
 308 012f 02       		.byte	2
 309 0130 02       		.byte	2
 310 0131 00       		.byte	0
 311 0132 00       		.byte	0
 312 0133 08       		.byte	8
 313 0134 B4       		.byte	-76
 314 0135 04       		.byte	4
 315 0136 32       		.byte	50
 316 0137 F2       		.byte	-14
 317 0138 01       		.byte	1
 318 0139 00       		.byte	0
 319 013a 01       		.byte	1
 320 013b 02       		.byte	2
 321 013c 80       		.byte	-128
 322 013d 01       		.byte	1
 323 013e 0000     		.text
 324              	.Letext0:
 325              		.file 1 ".\\Generated_Source\\PSoC5\\cytypes.h"
 326              		.file 2 ".\\Generated_Source\\PSoC5\\USBUART_1.h"
 327              		.file 3 ".\\Generated_Source\\PSoC5\\USBUART_1_descr.c"
 328              		.section	.debug_info,"",%progbits
 329              	.Ldebug_info0:
 330 0000 89020000 		.4byte	0x289
 331 0004 0400     		.2byte	0x4
 332 0006 00000000 		.4byte	.Ldebug_abbrev0
 333 000a 04       		.byte	0x4
 334 000b 01       		.uleb128 0x1
 335 000c D1010000 		.4byte	.LASF34
 336 0010 01       		.byte	0x1
 337 0011 1F000000 		.4byte	.LASF35
 338 0015 C1000000 		.4byte	.LASF36
 339 0019 00000000 		.4byte	.Ldebug_line0
 340 001d 02       		.uleb128 0x2
 341 001e 01       		.byte	0x1
 342 001f 06       		.byte	0x6
ARM GAS  C:\Users\floof\AppData\Local\Temp\ccBnDloH.s 			page 7


 343 0020 56030000 		.4byte	.LASF0
 344 0024 02       		.uleb128 0x2
 345 0025 01       		.byte	0x1
 346 0026 08       		.byte	0x8
 347 0027 58010000 		.4byte	.LASF1
 348 002b 02       		.uleb128 0x2
 349 002c 02       		.byte	0x2
 350 002d 05       		.byte	0x5
 351 002e C0010000 		.4byte	.LASF2
 352 0032 02       		.uleb128 0x2
 353 0033 02       		.byte	0x2
 354 0034 07       		.byte	0x7
 355 0035 9E000000 		.4byte	.LASF3
 356 0039 02       		.uleb128 0x2
 357 003a 04       		.byte	0x4
 358 003b 05       		.byte	0x5
 359 003c 4D030000 		.4byte	.LASF4
 360 0040 02       		.uleb128 0x2
 361 0041 04       		.byte	0x4
 362 0042 07       		.byte	0x7
 363 0043 71010000 		.4byte	.LASF5
 364 0047 02       		.uleb128 0x2
 365 0048 08       		.byte	0x8
 366 0049 05       		.byte	0x5
 367 004a AB020000 		.4byte	.LASF6
 368 004e 02       		.uleb128 0x2
 369 004f 08       		.byte	0x8
 370 0050 07       		.byte	0x7
 371 0051 6C020000 		.4byte	.LASF7
 372 0055 03       		.uleb128 0x3
 373 0056 04       		.byte	0x4
 374 0057 05       		.byte	0x5
 375 0058 696E7400 		.ascii	"int\000"
 376 005c 02       		.uleb128 0x2
 377 005d 04       		.byte	0x4
 378 005e 07       		.byte	0x7
 379 005f 5F020000 		.4byte	.LASF8
 380 0063 04       		.uleb128 0x4
 381 0064 0A030000 		.4byte	.LASF9
 382 0068 01       		.byte	0x1
 383 0069 9201     		.2byte	0x192
 384 006b 24000000 		.4byte	0x24
 385 006f 04       		.uleb128 0x4
 386 0070 CA010000 		.4byte	.LASF10
 387 0074 01       		.byte	0x1
 388 0075 9301     		.2byte	0x193
 389 0077 32000000 		.4byte	0x32
 390 007b 02       		.uleb128 0x2
 391 007c 04       		.byte	0x4
 392 007d 04       		.byte	0x4
 393 007e 20010000 		.4byte	.LASF11
 394 0082 02       		.uleb128 0x2
 395 0083 08       		.byte	0x8
 396 0084 04       		.byte	0x4
 397 0085 B9010000 		.4byte	.LASF12
 398 0089 02       		.uleb128 0x2
 399 008a 01       		.byte	0x1
ARM GAS  C:\Users\floof\AppData\Local\Temp\ccBnDloH.s 			page 8


 400 008b 08       		.byte	0x8
 401 008c B9020000 		.4byte	.LASF13
 402 0090 02       		.uleb128 0x2
 403 0091 04       		.byte	0x4
 404 0092 07       		.byte	0x7
 405 0093 A2020000 		.4byte	.LASF14
 406 0097 05       		.uleb128 0x5
 407 0098 08       		.byte	0x8
 408 0099 02       		.byte	0x2
 409 009a 9A       		.byte	0x9a
 410 009b E8000000 		.4byte	0xe8
 411 009f 06       		.uleb128 0x6
 412 00a0 10030000 		.4byte	.LASF15
 413 00a4 02       		.byte	0x2
 414 00a5 9C       		.byte	0x9c
 415 00a6 63000000 		.4byte	0x63
 416 00aa 00       		.byte	0
 417 00ab 06       		.uleb128 0x6
 418 00ac 4D010000 		.4byte	.LASF16
 419 00b0 02       		.byte	0x2
 420 00b1 9D       		.byte	0x9d
 421 00b2 63000000 		.4byte	0x63
 422 00b6 01       		.byte	0x1
 423 00b7 06       		.uleb128 0x6
 424 00b8 83010000 		.4byte	.LASF17
 425 00bc 02       		.byte	0x2
 426 00bd 9E       		.byte	0x9e
 427 00be 63000000 		.4byte	0x63
 428 00c2 02       		.byte	0x2
 429 00c3 06       		.uleb128 0x6
 430 00c4 66010000 		.4byte	.LASF18
 431 00c8 02       		.byte	0x2
 432 00c9 9F       		.byte	0x9f
 433 00ca 63000000 		.4byte	0x63
 434 00ce 03       		.byte	0x3
 435 00cf 06       		.uleb128 0x6
 436 00d0 BE020000 		.4byte	.LASF19
 437 00d4 02       		.byte	0x2
 438 00d5 A0       		.byte	0xa0
 439 00d6 6F000000 		.4byte	0x6f
 440 00da 04       		.byte	0x4
 441 00db 06       		.uleb128 0x6
 442 00dc 62030000 		.4byte	.LASF20
 443 00e0 02       		.byte	0x2
 444 00e1 A1       		.byte	0xa1
 445 00e2 63000000 		.4byte	0x63
 446 00e6 06       		.byte	0x6
 447 00e7 00       		.byte	0
 448 00e8 07       		.uleb128 0x7
 449 00e9 02010000 		.4byte	.LASF21
 450 00ed 02       		.byte	0x2
 451 00ee A2       		.byte	0xa2
 452 00ef 97000000 		.4byte	0x97
 453 00f3 05       		.uleb128 0x5
 454 00f4 08       		.byte	0x8
 455 00f5 02       		.byte	0x2
 456 00f6 B1       		.byte	0xb1
ARM GAS  C:\Users\floof\AppData\Local\Temp\ccBnDloH.s 			page 9


 457 00f7 12010000 		.4byte	0x112
 458 00fb 08       		.uleb128 0x8
 459 00fc 6300     		.ascii	"c\000"
 460 00fe 02       		.byte	0x2
 461 00ff B3       		.byte	0xb3
 462 0100 63000000 		.4byte	0x63
 463 0104 00       		.byte	0
 464 0105 06       		.uleb128 0x6
 465 0106 9B020000 		.4byte	.LASF22
 466 010a 02       		.byte	0x2
 467 010b B4       		.byte	0xb4
 468 010c 12010000 		.4byte	0x112
 469 0110 04       		.byte	0x4
 470 0111 00       		.byte	0
 471 0112 09       		.uleb128 0x9
 472 0113 04       		.byte	0x4
 473 0114 18010000 		.4byte	0x118
 474 0118 0A       		.uleb128 0xa
 475 0119 07       		.uleb128 0x7
 476 011a B1000000 		.4byte	.LASF23
 477 011e 02       		.byte	0x2
 478 011f B5       		.byte	0xb5
 479 0120 F3000000 		.4byte	0xf3
 480 0124 0B       		.uleb128 0xb
 481 0125 63000000 		.4byte	0x63
 482 0129 34010000 		.4byte	0x134
 483 012d 0C       		.uleb128 0xc
 484 012e 90000000 		.4byte	0x90
 485 0132 11       		.byte	0x11
 486 0133 00       		.byte	0
 487 0134 0D       		.uleb128 0xd
 488 0135 F2020000 		.4byte	.LASF24
 489 0139 03       		.byte	0x3
 490 013a 24       		.byte	0x24
 491 013b 45010000 		.4byte	0x145
 492 013f 05       		.uleb128 0x5
 493 0140 03       		.byte	0x3
 494 0141 00000000 		.4byte	USBUART_1_DEVICE0_DESCR
 495 0145 0E       		.uleb128 0xe
 496 0146 24010000 		.4byte	0x124
 497 014a 0B       		.uleb128 0xb
 498 014b 63000000 		.4byte	0x63
 499 014f 5A010000 		.4byte	0x15a
 500 0153 0C       		.uleb128 0xc
 501 0154 90000000 		.4byte	0x90
 502 0158 42       		.byte	0x42
 503 0159 00       		.byte	0
 504 015a 0D       		.uleb128 0xd
 505 015b 26010000 		.4byte	.LASF25
 506 015f 03       		.byte	0x3
 507 0160 37       		.byte	0x37
 508 0161 6B010000 		.4byte	0x16b
 509 0165 05       		.uleb128 0x5
 510 0166 03       		.byte	0x3
 511 0167 00000000 		.4byte	USBUART_1_DEVICE0_CONFIGURATION0_DESCR
 512 016b 0E       		.uleb128 0xe
 513 016c 4A010000 		.4byte	0x14a
ARM GAS  C:\Users\floof\AppData\Local\Temp\ccBnDloH.s 			page 10


 514 0170 0B       		.uleb128 0xb
 515 0171 E8000000 		.4byte	0xe8
 516 0175 80010000 		.4byte	0x180
 517 0179 0C       		.uleb128 0xc
 518 017a 90000000 		.4byte	0x90
 519 017e 02       		.byte	0x2
 520 017f 00       		.byte	0
 521 0180 0D       		.uleb128 0xd
 522 0181 1A030000 		.4byte	.LASF26
 523 0185 03       		.byte	0x3
 524 0186 D4       		.byte	0xd4
 525 0187 91010000 		.4byte	0x191
 526 018b 05       		.uleb128 0x5
 527 018c 03       		.byte	0x3
 528 018d 00000000 		.4byte	USBUART_1_DEVICE0_CONFIGURATION0_EP_SETTINGS_TABLE
 529 0191 0E       		.uleb128 0xe
 530 0192 70010000 		.4byte	0x170
 531 0196 0B       		.uleb128 0xb
 532 0197 63000000 		.4byte	0x63
 533 019b A6010000 		.4byte	0x1a6
 534 019f 0C       		.uleb128 0xc
 535 01a0 90000000 		.4byte	0x90
 536 01a4 01       		.byte	0x1
 537 01a5 00       		.byte	0
 538 01a6 0D       		.uleb128 0xd
 539 01a7 88010000 		.4byte	.LASF27
 540 01ab 03       		.byte	0x3
 541 01ac DA       		.byte	0xda
 542 01ad B7010000 		.4byte	0x1b7
 543 01b1 05       		.uleb128 0x5
 544 01b2 03       		.byte	0x3
 545 01b3 00000000 		.4byte	USBUART_1_DEVICE0_CONFIGURATION0_INTERFACE_CLASS
 546 01b7 0E       		.uleb128 0xe
 547 01b8 96010000 		.4byte	0x196
 548 01bc 0B       		.uleb128 0xb
 549 01bd 19010000 		.4byte	0x119
 550 01c1 CC010000 		.4byte	0x1cc
 551 01c5 0C       		.uleb128 0xc
 552 01c6 90000000 		.4byte	0x90
 553 01ca 04       		.byte	0x4
 554 01cb 00       		.byte	0
 555 01cc 0D       		.uleb128 0xd
 556 01cd 77000000 		.4byte	.LASF28
 557 01d1 03       		.byte	0x3
 558 01d2 E2       		.byte	0xe2
 559 01d3 DD010000 		.4byte	0x1dd
 560 01d7 05       		.uleb128 0x5
 561 01d8 03       		.byte	0x3
 562 01d9 00000000 		.4byte	USBUART_1_DEVICE0_CONFIGURATION0_TABLE
 563 01dd 0E       		.uleb128 0xe
 564 01de BC010000 		.4byte	0x1bc
 565 01e2 0B       		.uleb128 0xb
 566 01e3 19010000 		.4byte	0x119
 567 01e7 F2010000 		.4byte	0x1f2
 568 01eb 0C       		.uleb128 0xc
 569 01ec 90000000 		.4byte	0x90
 570 01f0 02       		.byte	0x2
ARM GAS  C:\Users\floof\AppData\Local\Temp\ccBnDloH.s 			page 11


 571 01f1 00       		.byte	0
 572 01f2 0D       		.uleb128 0xd
 573 01f3 83020000 		.4byte	.LASF29
 574 01f7 03       		.byte	0x3
 575 01f8 ED       		.byte	0xed
 576 01f9 03020000 		.4byte	0x203
 577 01fd 05       		.uleb128 0x5
 578 01fe 03       		.byte	0x3
 579 01ff 00000000 		.4byte	USBUART_1_DEVICE0_TABLE
 580 0203 0E       		.uleb128 0xe
 581 0204 E2010000 		.4byte	0x1e2
 582 0208 0B       		.uleb128 0xb
 583 0209 19010000 		.4byte	0x119
 584 020d 18020000 		.4byte	0x218
 585 0211 0C       		.uleb128 0xc
 586 0212 90000000 		.4byte	0x90
 587 0216 00       		.byte	0
 588 0217 00       		.byte	0
 589 0218 0D       		.uleb128 0xd
 590 0219 67000000 		.4byte	.LASF30
 591 021d 03       		.byte	0x3
 592 021e F5       		.byte	0xf5
 593 021f 29020000 		.4byte	0x229
 594 0223 05       		.uleb128 0x5
 595 0224 03       		.byte	0x3
 596 0225 00000000 		.4byte	USBUART_1_TABLE
 597 0229 0E       		.uleb128 0xe
 598 022a 08020000 		.4byte	0x208
 599 022e 0D       		.uleb128 0xd
 600 022f 00000000 		.4byte	.LASF31
 601 0233 03       		.byte	0x3
 602 0234 C5       		.byte	0xc5
 603 0235 3F020000 		.4byte	0x23f
 604 0239 05       		.uleb128 0x5
 605 023a 03       		.byte	0x3
 606 023b 00000000 		.4byte	USBUART_1_SN_STRING_DESCRIPTOR
 607 023f 0E       		.uleb128 0xe
 608 0240 96010000 		.4byte	0x196
 609 0244 0B       		.uleb128 0xb
 610 0245 63000000 		.4byte	0x63
 611 0249 54020000 		.4byte	0x254
 612 024d 0C       		.uleb128 0xc
 613 024e 90000000 		.4byte	0x90
 614 0252 7C       		.byte	0x7c
 615 0253 00       		.byte	0
 616 0254 0D       		.uleb128 0xd
 617 0255 4A000000 		.4byte	.LASF32
 618 0259 03       		.byte	0x3
 619 025a 96       		.byte	0x96
 620 025b 65020000 		.4byte	0x265
 621 025f 05       		.uleb128 0x5
 622 0260 03       		.byte	0x3
 623 0261 00000000 		.4byte	USBUART_1_STRING_DESCRIPTORS
 624 0265 0E       		.uleb128 0xe
 625 0266 44020000 		.4byte	0x244
 626 026a 0B       		.uleb128 0xb
 627 026b 63000000 		.4byte	0x63
ARM GAS  C:\Users\floof\AppData\Local\Temp\ccBnDloH.s 			page 12


 628 026f 7A020000 		.4byte	0x27a
 629 0273 0C       		.uleb128 0xc
 630 0274 90000000 		.4byte	0x90
 631 0278 21       		.byte	0x21
 632 0279 00       		.byte	0
 633 027a 0F       		.uleb128 0xf
 634 027b C9020000 		.4byte	.LASF33
 635 027f 03       		.byte	0x3
 636 0280 2301     		.2byte	0x123
 637 0282 6A020000 		.4byte	0x26a
 638 0286 05       		.uleb128 0x5
 639 0287 03       		.byte	0x3
 640 0288 00000000 		.4byte	USBUART_1_idSerialNumberStringDescriptor
 641 028c 00       		.byte	0
 642              		.section	.debug_abbrev,"",%progbits
 643              	.Ldebug_abbrev0:
 644 0000 01       		.uleb128 0x1
 645 0001 11       		.uleb128 0x11
 646 0002 01       		.byte	0x1
 647 0003 25       		.uleb128 0x25
 648 0004 0E       		.uleb128 0xe
 649 0005 13       		.uleb128 0x13
 650 0006 0B       		.uleb128 0xb
 651 0007 03       		.uleb128 0x3
 652 0008 0E       		.uleb128 0xe
 653 0009 1B       		.uleb128 0x1b
 654 000a 0E       		.uleb128 0xe
 655 000b 10       		.uleb128 0x10
 656 000c 17       		.uleb128 0x17
 657 000d 00       		.byte	0
 658 000e 00       		.byte	0
 659 000f 02       		.uleb128 0x2
 660 0010 24       		.uleb128 0x24
 661 0011 00       		.byte	0
 662 0012 0B       		.uleb128 0xb
 663 0013 0B       		.uleb128 0xb
 664 0014 3E       		.uleb128 0x3e
 665 0015 0B       		.uleb128 0xb
 666 0016 03       		.uleb128 0x3
 667 0017 0E       		.uleb128 0xe
 668 0018 00       		.byte	0
 669 0019 00       		.byte	0
 670 001a 03       		.uleb128 0x3
 671 001b 24       		.uleb128 0x24
 672 001c 00       		.byte	0
 673 001d 0B       		.uleb128 0xb
 674 001e 0B       		.uleb128 0xb
 675 001f 3E       		.uleb128 0x3e
 676 0020 0B       		.uleb128 0xb
 677 0021 03       		.uleb128 0x3
 678 0022 08       		.uleb128 0x8
 679 0023 00       		.byte	0
 680 0024 00       		.byte	0
 681 0025 04       		.uleb128 0x4
 682 0026 16       		.uleb128 0x16
 683 0027 00       		.byte	0
 684 0028 03       		.uleb128 0x3
ARM GAS  C:\Users\floof\AppData\Local\Temp\ccBnDloH.s 			page 13


 685 0029 0E       		.uleb128 0xe
 686 002a 3A       		.uleb128 0x3a
 687 002b 0B       		.uleb128 0xb
 688 002c 3B       		.uleb128 0x3b
 689 002d 05       		.uleb128 0x5
 690 002e 49       		.uleb128 0x49
 691 002f 13       		.uleb128 0x13
 692 0030 00       		.byte	0
 693 0031 00       		.byte	0
 694 0032 05       		.uleb128 0x5
 695 0033 13       		.uleb128 0x13
 696 0034 01       		.byte	0x1
 697 0035 0B       		.uleb128 0xb
 698 0036 0B       		.uleb128 0xb
 699 0037 3A       		.uleb128 0x3a
 700 0038 0B       		.uleb128 0xb
 701 0039 3B       		.uleb128 0x3b
 702 003a 0B       		.uleb128 0xb
 703 003b 01       		.uleb128 0x1
 704 003c 13       		.uleb128 0x13
 705 003d 00       		.byte	0
 706 003e 00       		.byte	0
 707 003f 06       		.uleb128 0x6
 708 0040 0D       		.uleb128 0xd
 709 0041 00       		.byte	0
 710 0042 03       		.uleb128 0x3
 711 0043 0E       		.uleb128 0xe
 712 0044 3A       		.uleb128 0x3a
 713 0045 0B       		.uleb128 0xb
 714 0046 3B       		.uleb128 0x3b
 715 0047 0B       		.uleb128 0xb
 716 0048 49       		.uleb128 0x49
 717 0049 13       		.uleb128 0x13
 718 004a 38       		.uleb128 0x38
 719 004b 0B       		.uleb128 0xb
 720 004c 00       		.byte	0
 721 004d 00       		.byte	0
 722 004e 07       		.uleb128 0x7
 723 004f 16       		.uleb128 0x16
 724 0050 00       		.byte	0
 725 0051 03       		.uleb128 0x3
 726 0052 0E       		.uleb128 0xe
 727 0053 3A       		.uleb128 0x3a
 728 0054 0B       		.uleb128 0xb
 729 0055 3B       		.uleb128 0x3b
 730 0056 0B       		.uleb128 0xb
 731 0057 49       		.uleb128 0x49
 732 0058 13       		.uleb128 0x13
 733 0059 00       		.byte	0
 734 005a 00       		.byte	0
 735 005b 08       		.uleb128 0x8
 736 005c 0D       		.uleb128 0xd
 737 005d 00       		.byte	0
 738 005e 03       		.uleb128 0x3
 739 005f 08       		.uleb128 0x8
 740 0060 3A       		.uleb128 0x3a
 741 0061 0B       		.uleb128 0xb
ARM GAS  C:\Users\floof\AppData\Local\Temp\ccBnDloH.s 			page 14


 742 0062 3B       		.uleb128 0x3b
 743 0063 0B       		.uleb128 0xb
 744 0064 49       		.uleb128 0x49
 745 0065 13       		.uleb128 0x13
 746 0066 38       		.uleb128 0x38
 747 0067 0B       		.uleb128 0xb
 748 0068 00       		.byte	0
 749 0069 00       		.byte	0
 750 006a 09       		.uleb128 0x9
 751 006b 0F       		.uleb128 0xf
 752 006c 00       		.byte	0
 753 006d 0B       		.uleb128 0xb
 754 006e 0B       		.uleb128 0xb
 755 006f 49       		.uleb128 0x49
 756 0070 13       		.uleb128 0x13
 757 0071 00       		.byte	0
 758 0072 00       		.byte	0
 759 0073 0A       		.uleb128 0xa
 760 0074 26       		.uleb128 0x26
 761 0075 00       		.byte	0
 762 0076 00       		.byte	0
 763 0077 00       		.byte	0
 764 0078 0B       		.uleb128 0xb
 765 0079 01       		.uleb128 0x1
 766 007a 01       		.byte	0x1
 767 007b 49       		.uleb128 0x49
 768 007c 13       		.uleb128 0x13
 769 007d 01       		.uleb128 0x1
 770 007e 13       		.uleb128 0x13
 771 007f 00       		.byte	0
 772 0080 00       		.byte	0
 773 0081 0C       		.uleb128 0xc
 774 0082 21       		.uleb128 0x21
 775 0083 00       		.byte	0
 776 0084 49       		.uleb128 0x49
 777 0085 13       		.uleb128 0x13
 778 0086 2F       		.uleb128 0x2f
 779 0087 0B       		.uleb128 0xb
 780 0088 00       		.byte	0
 781 0089 00       		.byte	0
 782 008a 0D       		.uleb128 0xd
 783 008b 34       		.uleb128 0x34
 784 008c 00       		.byte	0
 785 008d 03       		.uleb128 0x3
 786 008e 0E       		.uleb128 0xe
 787 008f 3A       		.uleb128 0x3a
 788 0090 0B       		.uleb128 0xb
 789 0091 3B       		.uleb128 0x3b
 790 0092 0B       		.uleb128 0xb
 791 0093 49       		.uleb128 0x49
 792 0094 13       		.uleb128 0x13
 793 0095 3F       		.uleb128 0x3f
 794 0096 19       		.uleb128 0x19
 795 0097 02       		.uleb128 0x2
 796 0098 18       		.uleb128 0x18
 797 0099 00       		.byte	0
 798 009a 00       		.byte	0
ARM GAS  C:\Users\floof\AppData\Local\Temp\ccBnDloH.s 			page 15


 799 009b 0E       		.uleb128 0xe
 800 009c 26       		.uleb128 0x26
 801 009d 00       		.byte	0
 802 009e 49       		.uleb128 0x49
 803 009f 13       		.uleb128 0x13
 804 00a0 00       		.byte	0
 805 00a1 00       		.byte	0
 806 00a2 0F       		.uleb128 0xf
 807 00a3 34       		.uleb128 0x34
 808 00a4 00       		.byte	0
 809 00a5 03       		.uleb128 0x3
 810 00a6 0E       		.uleb128 0xe
 811 00a7 3A       		.uleb128 0x3a
 812 00a8 0B       		.uleb128 0xb
 813 00a9 3B       		.uleb128 0x3b
 814 00aa 05       		.uleb128 0x5
 815 00ab 49       		.uleb128 0x49
 816 00ac 13       		.uleb128 0x13
 817 00ad 3F       		.uleb128 0x3f
 818 00ae 19       		.uleb128 0x19
 819 00af 02       		.uleb128 0x2
 820 00b0 18       		.uleb128 0x18
 821 00b1 00       		.byte	0
 822 00b2 00       		.byte	0
 823 00b3 00       		.byte	0
 824              		.section	.debug_aranges,"",%progbits
 825 0000 14000000 		.4byte	0x14
 826 0004 0200     		.2byte	0x2
 827 0006 00000000 		.4byte	.Ldebug_info0
 828 000a 04       		.byte	0x4
 829 000b 00       		.byte	0
 830 000c 0000     		.2byte	0
 831 000e 0000     		.2byte	0
 832 0010 00000000 		.4byte	0
 833 0014 00000000 		.4byte	0
 834              		.section	.debug_line,"",%progbits
 835              	.Ldebug_line0:
 836 0000 63000000 		.section	.debug_str,"MS",%progbits,1
 836      02005D00 
 836      00000201 
 836      FB0E0D00 
 836      01010101 
 837              	.LASF31:
 838 0000 55534255 		.ascii	"USBUART_1_SN_STRING_DESCRIPTOR\000"
 838      4152545F 
 838      315F534E 
 838      5F535452 
 838      494E475F 
 839              	.LASF35:
 840 001f 2E5C4765 		.ascii	".\\Generated_Source\\PSoC5\\USBUART_1_descr.c\000"
 840      6E657261 
 840      7465645F 
 840      536F7572 
 840      63655C50 
 841              	.LASF32:
 842 004a 55534255 		.ascii	"USBUART_1_STRING_DESCRIPTORS\000"
 842      4152545F 
ARM GAS  C:\Users\floof\AppData\Local\Temp\ccBnDloH.s 			page 16


 842      315F5354 
 842      52494E47 
 842      5F444553 
 843              	.LASF30:
 844 0067 55534255 		.ascii	"USBUART_1_TABLE\000"
 844      4152545F 
 844      315F5441 
 844      424C4500 
 845              	.LASF28:
 846 0077 55534255 		.ascii	"USBUART_1_DEVICE0_CONFIGURATION0_TABLE\000"
 846      4152545F 
 846      315F4445 
 846      56494345 
 846      305F434F 
 847              	.LASF3:
 848 009e 73686F72 		.ascii	"short unsigned int\000"
 848      7420756E 
 848      7369676E 
 848      65642069 
 848      6E7400
 849              	.LASF23:
 850 00b1 545F5553 		.ascii	"T_USBUART_1_LUT\000"
 850      42554152 
 850      545F315F 
 850      4C555400 
 851              	.LASF36:
 852 00c1 433A5C55 		.ascii	"C:\\Users\\floof\\Documents\\PSoC Creator\\electron"
 852      73657273 
 852      5C666C6F 
 852      6F665C44 
 852      6F63756D 
 853 00ef 6963735C 		.ascii	"ics\\Design01.cydsn\000"
 853      44657369 
 853      676E3031 
 853      2E637964 
 853      736E00
 854              	.LASF21:
 855 0102 545F5553 		.ascii	"T_USBUART_1_EP_SETTINGS_BLOCK\000"
 855      42554152 
 855      545F315F 
 855      45505F53 
 855      45545449 
 856              	.LASF11:
 857 0120 666C6F61 		.ascii	"float\000"
 857      7400
 858              	.LASF25:
 859 0126 55534255 		.ascii	"USBUART_1_DEVICE0_CONFIGURATION0_DESCR\000"
 859      4152545F 
 859      315F4445 
 859      56494345 
 859      305F434F 
 860              	.LASF16:
 861 014d 616C7453 		.ascii	"altSetting\000"
 861      65747469 
 861      6E6700
 862              	.LASF1:
 863 0158 756E7369 		.ascii	"unsigned char\000"
ARM GAS  C:\Users\floof\AppData\Local\Temp\ccBnDloH.s 			page 17


 863      676E6564 
 863      20636861 
 863      7200
 864              	.LASF18:
 865 0166 61747472 		.ascii	"attributes\000"
 865      69627574 
 865      657300
 866              	.LASF5:
 867 0171 6C6F6E67 		.ascii	"long unsigned int\000"
 867      20756E73 
 867      69676E65 
 867      6420696E 
 867      7400
 868              	.LASF17:
 869 0183 61646472 		.ascii	"addr\000"
 869      00
 870              	.LASF27:
 871 0188 55534255 		.ascii	"USBUART_1_DEVICE0_CONFIGURATION0_INTERFACE_CLASS\000"
 871      4152545F 
 871      315F4445 
 871      56494345 
 871      305F434F 
 872              	.LASF12:
 873 01b9 646F7562 		.ascii	"double\000"
 873      6C6500
 874              	.LASF2:
 875 01c0 73686F72 		.ascii	"short int\000"
 875      7420696E 
 875      7400
 876              	.LASF10:
 877 01ca 75696E74 		.ascii	"uint16\000"
 877      313600
 878              	.LASF34:
 879 01d1 474E5520 		.ascii	"GNU C 4.9.3 20150303 (release) [ARM/embedded-4_9-br"
 879      4320342E 
 879      392E3320 
 879      32303135 
 879      30333033 
 880 0204 616E6368 		.ascii	"anch revision 221220] -mcpu=cortex-m3 -mthumb -g -O"
 880      20726576 
 880      6973696F 
 880      6E203232 
 880      31323230 
 881 0237 67202D66 		.ascii	"g -ffunction-sections -ffat-lto-objects\000"
 881      66756E63 
 881      74696F6E 
 881      2D736563 
 881      74696F6E 
 882              	.LASF8:
 883 025f 756E7369 		.ascii	"unsigned int\000"
 883      676E6564 
 883      20696E74 
 883      00
 884              	.LASF7:
 885 026c 6C6F6E67 		.ascii	"long long unsigned int\000"
 885      206C6F6E 
 885      6720756E 
ARM GAS  C:\Users\floof\AppData\Local\Temp\ccBnDloH.s 			page 18


 885      7369676E 
 885      65642069 
 886              	.LASF29:
 887 0283 55534255 		.ascii	"USBUART_1_DEVICE0_TABLE\000"
 887      4152545F 
 887      315F4445 
 887      56494345 
 887      305F5441 
 888              	.LASF22:
 889 029b 705F6C69 		.ascii	"p_list\000"
 889      737400
 890              	.LASF14:
 891 02a2 73697A65 		.ascii	"sizetype\000"
 891      74797065 
 891      00
 892              	.LASF6:
 893 02ab 6C6F6E67 		.ascii	"long long int\000"
 893      206C6F6E 
 893      6720696E 
 893      7400
 894              	.LASF13:
 895 02b9 63686172 		.ascii	"char\000"
 895      00
 896              	.LASF19:
 897 02be 62756666 		.ascii	"bufferSize\000"
 897      65725369 
 897      7A6500
 898              	.LASF33:
 899 02c9 55534255 		.ascii	"USBUART_1_idSerialNumberStringDescriptor\000"
 899      4152545F 
 899      315F6964 
 899      53657269 
 899      616C4E75 
 900              	.LASF24:
 901 02f2 55534255 		.ascii	"USBUART_1_DEVICE0_DESCR\000"
 901      4152545F 
 901      315F4445 
 901      56494345 
 901      305F4445 
 902              	.LASF9:
 903 030a 75696E74 		.ascii	"uint8\000"
 903      3800
 904              	.LASF15:
 905 0310 696E7465 		.ascii	"interface\000"
 905      72666163 
 905      6500
 906              	.LASF26:
 907 031a 55534255 		.ascii	"USBUART_1_DEVICE0_CONFIGURATION0_EP_SETTINGS_TABLE\000"
 907      4152545F 
 907      315F4445 
 907      56494345 
 907      305F434F 
 908              	.LASF4:
 909 034d 6C6F6E67 		.ascii	"long int\000"
 909      20696E74 
 909      00
 910              	.LASF0:
ARM GAS  C:\Users\floof\AppData\Local\Temp\ccBnDloH.s 			page 19


 911 0356 7369676E 		.ascii	"signed char\000"
 911      65642063 
 911      68617200 
 912              	.LASF20:
 913 0362 624D6973 		.ascii	"bMisc\000"
 913      6300
 914              		.ident	"GCC: (GNU Tools for ARM Embedded Processors) 4.9.3 20150303 (release) [ARM/embedded-4_9-br
